[ 2019-06-24T13:20:27+08:00 ] ::1 /mobile.php
INFO: [ app_init ] --START--
INFO: Run Behavior\BuildLiteBehavior [ RunTime:0.000015s ]
INFO: [ app_init ] --END-- [ RunTime:0.000513s ]
INFO: [ app_begin ] --START--
INFO: Run Behavior\ReadHtmlCacheBehavior [ RunTime:0.000593s ]
INFO: [ app_begin ] --END-- [ RunTime:0.000631s ]
NOTIC: [2048] Declaration of Mobile\Controller\CommonController::error() should be compatible with Think\Controller::error($message = '', $jumpUrl = '', $ajax = false) C:\phpStudy\PHPTutorial\WWW\tp3.2\Application\Mobile\Controller\CommonController.class.php 第 22 行.
NOTIC: [2048] Declaration of Common\Model\NewsModel::find() should be compatible with Think\Model::find($options = Array) C:\phpStudy\PHPTutorial\WWW\tp3.2\Application\Common\Model\NewsModel.class.php 第 5 行.
SQL: SHOW COLUMNS FROM `cms_news` [ RunTime:0.0218s ]
SQL: SELECT * FROM `cms_news` WHERE `status` = 1 AND `thumb` <> '' ORDER BY news_id desc LIMIT 10   [ RunTime:0.0005s ]
NOTIC: [2048] Declaration of Common\Model\PositionContentModel::find() should be compatible with Think\Model::find($options = Array) C:\phpStudy\PHPTutorial\WWW\tp3.2\Application\Common\Model\PositionContentModel.class.php 第 76 行.
SQL: SHOW COLUMNS FROM `cms_position_content` [ RunTime:0.0176s ]
NOTIC: [8] Undefined index: title C:\phpStudy\PHPTutorial\WWW\tp3.2\Application\Common\Model\PositionContentModel.class.php 第 16 行.
SQL: SELECT * FROM `cms_position_content` WHERE `status` = 1 AND `position_id` = 2 ORDER BY listorder desc ,id desc LIMIT 4   [ RunTime:0.0006s ]
INFO: [ view_parse ] --START--
INFO: [ template_filter ] --START--
INFO: Run Behavior\ContentReplaceBehavior [ RunTime:0.000043s ]
INFO: [ template_filter ] --END-- [ RunTime:0.000080s ]
NOTIC: [2048] Declaration of Common\Model\BasicModel::save() should be compatible with Think\Model::save($data = '', $options = Array) C:\phpStudy\PHPTutorial\WWW\tp3.2\Application\Common\Model\BasicModel.class.php 第 25 行.
NOTIC: [2048] Declaration of Common\Model\BasicModel::select() should be compatible with Think\Model::select($options = Array) C:\phpStudy\PHPTutorial\WWW\tp3.2\Application\Common\Model\BasicModel.class.php 第 25 行.
NOTIC: [2048] Declaration of Common\Model\MenuModel::find() should be compatible with Think\Model::find($options = Array) C:\phpStudy\PHPTutorial\WWW\tp3.2\Application\Common\Model\MenuModel.class.php 第 104 行.
SQL: SHOW COLUMNS FROM `cms_menu` [ RunTime:0.0151s ]
SQL: SELECT * FROM `cms_menu` WHERE `status` = 1 AND `type` = 0 ORDER BY listorder desc,menu_id desc  [ RunTime:0.0003s ]
NOTIC: [8] Undefined index: id C:\phpStudy\PHPTutorial\WWW\tp3.2\Application\Runtime\Cache\Mobile\59803a09875c7569286531ef77035039.php 第 1 行.
NOTIC: [8] Undefined variable: flag C:\phpStudy\PHPTutorial\WWW\tp3.2\Application\Runtime\Cache\Mobile\59803a09875c7569286531ef77035039.php 第 1 行.
NOTIC: [8] Undefined variable: top C:\phpStudy\PHPTutorial\WWW\tp3.2\Application\Runtime\Cache\Mobile\59803a09875c7569286531ef77035039.php 第 52 行.
INFO: Run Behavior\ParseTemplateBehavior [ RunTime:0.063237s ]
INFO: [ view_parse ] --END-- [ RunTime:0.063272s ]
INFO: [ view_filter ] --START--
INFO: Run Behavior\WriteHtmlCacheBehavior [ RunTime:0.000528s ]
INFO: [ view_filter ] --END-- [ RunTime:0.000556s ]
INFO: [ app_end ] --START--
INFO: Run Behavior\ShowPageTraceBehavior [ RunTime:0.000746s ]
INFO: [ app_end ] --END-- [ RunTime:0.000826s ]

