[ 2019-05-14T23:36:00+08:00 ] ::1 /index.php
INFO: [ app_init ] --START--
INFO: Run Behavior\BuildLiteBehavior [ RunTime:0.000035s ]
INFO: [ app_init ] --END-- [ RunTime:0.000596s ]
INFO: [ app_begin ] --START--
INFO: Run Behavior\ReadHtmlCacheBehavior [ RunTime:0.021931s ]
INFO: [ app_begin ] --END-- [ RunTime:0.021981s ]
NOTIC: [2048] Declaration of Home\Controller\CommonController::error() should be compatible with Think\Controller::error($message = '', $jumpUrl = '', $ajax = false) C:\phpStudy\PHPTutorial\WWW\tp3.2\Application\Home\Controller\CommonController.class.php 第 24 行.
NOTIC: [2048] Declaration of Common\Model\PositionContentModel::find() should be compatible with Think\Model::find($options = Array) C:\phpStudy\PHPTutorial\WWW\tp3.2\Application\Common\Model\PositionContentModel.class.php 第 6 行.
SQL: SHOW COLUMNS FROM `cms_position_content` [ RunTime:0.0570s ]
NOTIC: [8] Undefined index: title C:\phpStudy\PHPTutorial\WWW\tp3.2\Application\Common\Model\PositionContentModel.class.php 第 15 行.
SQL: SELECT * FROM `cms_position_content` WHERE `status` = 1 AND `position_id` = 2 ORDER BY listorder desc ,id desc LIMIT 1   [ RunTime:0.0043s ]
NOTIC: [8] Undefined index: title C:\phpStudy\PHPTutorial\WWW\tp3.2\Application\Common\Model\PositionContentModel.class.php 第 15 行.
SQL: SELECT * FROM `cms_position_content` WHERE `status` = 1 AND `position_id` = 3 ORDER BY listorder desc ,id desc LIMIT 3   [ RunTime:0.0003s ]
NOTIC: [2048] Declaration of Common\Model\NewsModel::find() should be compatible with Think\Model::find($options = Array) C:\phpStudy\PHPTutorial\WWW\tp3.2\Application\Common\Model\NewsModel.class.php 第 124 行.
SQL: SHOW COLUMNS FROM `cms_news` [ RunTime:0.0368s ]
SQL: SELECT * FROM `cms_news` WHERE `status` = 1 AND `thumb` <> '' ORDER BY news_id desc LIMIT 30   [ RunTime:0.0005s ]
SQL: SELECT * FROM `cms_news` WHERE `status` = 1 ORDER BY count desc,news_id desc  LIMIT 10   [ RunTime:0.0003s ]
NOTIC: [8] Undefined index: title C:\phpStudy\PHPTutorial\WWW\tp3.2\Application\Common\Model\PositionContentModel.class.php 第 15 行.
SQL: SELECT * FROM `cms_position_content` WHERE `status` = 1 AND `position_id` = 5 ORDER BY listorder desc ,id desc LIMIT 2   [ RunTime:0.0002s ]
INFO: [ view_parse ] --START--
INFO: [ template_filter ] --START--
INFO: Run Behavior\ContentReplaceBehavior [ RunTime:0.000733s ]
INFO: [ template_filter ] --END-- [ RunTime:0.000776s ]
NOTIC: [2048] Declaration of Common\Model\BasicModel::save() should be compatible with Think\Model::save($data = '', $options = Array) C:\phpStudy\PHPTutorial\WWW\tp3.2\Application\Common\Model\BasicModel.class.php 第 25 行.
NOTIC: [2048] Declaration of Common\Model\BasicModel::select() should be compatible with Think\Model::select($options = Array) C:\phpStudy\PHPTutorial\WWW\tp3.2\Application\Common\Model\BasicModel.class.php 第 25 行.
NOTIC: [2048] Declaration of Common\Model\MenuModel::find() should be compatible with Think\Model::find($options = Array) C:\phpStudy\PHPTutorial\WWW\tp3.2\Application\Common\Model\MenuModel.class.php 第 104 行.
SQL: SHOW COLUMNS FROM `cms_menu` [ RunTime:0.0362s ]
SQL: SELECT * FROM `cms_menu` WHERE `status` = 1 AND `type` = 0 ORDER BY listorder desc,menu_id desc  [ RunTime:0.0004s ]
NOTIC: [8] Undefined index: id C:\phpStudy\PHPTutorial\WWW\tp3.2\Application\Runtime\Cache\Home\2a94b8bda04ff446dcedd42276fc99ee.php 第 1 行.
NOTIC: [8] Undefined variable: flag C:\phpStudy\PHPTutorial\WWW\tp3.2\Application\Runtime\Cache\Home\2a94b8bda04ff446dcedd42276fc99ee.php 第 1 行.
NOTIC: [8] Undefined index: catId C:\phpStudy\PHPTutorial\WWW\tp3.2\Application\Runtime\Cache\Home\2a94b8bda04ff446dcedd42276fc99ee.php 第 22 行.
NOTIC: [8] Undefined index: catId C:\phpStudy\PHPTutorial\WWW\tp3.2\Application\Runtime\Cache\Home\2a94b8bda04ff446dcedd42276fc99ee.php 第 23 行.
NOTIC: [8] Undefined index: catId C:\phpStudy\PHPTutorial\WWW\tp3.2\Application\Runtime\Cache\Home\2a94b8bda04ff446dcedd42276fc99ee.php 第 23 行.
NOTIC: [8] Undefined index: catId C:\phpStudy\PHPTutorial\WWW\tp3.2\Application\Runtime\Cache\Home\2a94b8bda04ff446dcedd42276fc99ee.php 第 23 行.
INFO: Run Behavior\ParseTemplateBehavior [ RunTime:0.182827s ]
INFO: [ view_parse ] --END-- [ RunTime:0.182863s ]
INFO: [ view_filter ] --START--
INFO: Run Behavior\WriteHtmlCacheBehavior [ RunTime:0.009764s ]
INFO: [ view_filter ] --END-- [ RunTime:0.009804s ]
INFO: [ app_end ] --START--
INFO: Run Behavior\ShowPageTraceBehavior [ RunTime:0.007995s ]
INFO: [ app_end ] --END-- [ RunTime:0.008036s ]

[ 2019-05-14T23:36:00+08:00 ] ::1 /index.php?c=index&a=getCount
INFO: [ app_init ] --START--
INFO: Run Behavior\BuildLiteBehavior [ RunTime:0.000015s ]
INFO: [ app_init ] --END-- [ RunTime:0.000503s ]
INFO: [ app_begin ] --START--
INFO: Run Behavior\ReadHtmlCacheBehavior [ RunTime:0.001294s ]
INFO: [ app_begin ] --END-- [ RunTime:0.001391s ]
NOTIC: [2048] Declaration of Home\Controller\CommonController::error() should be compatible with Think\Controller::error($message = '', $jumpUrl = '', $ajax = false) C:\phpStudy\PHPTutorial\WWW\tp3.2\Application\Home\Controller\CommonController.class.php 第 24 行.
ERR: 非法操作:getCount

[ 2019-05-14T23:36:05+08:00 ] ::1 /index.php
INFO: [ app_init ] --START--
INFO: Run Behavior\BuildLiteBehavior [ RunTime:0.000014s ]
INFO: [ app_init ] --END-- [ RunTime:0.000501s ]
INFO: [ app_begin ] --START--
INFO: Run Behavior\ReadHtmlCacheBehavior [ RunTime:0.001465s ]
INFO: [ app_begin ] --END-- [ RunTime:0.001634s ]
NOTIC: [2048] Declaration of Home\Controller\CommonController::error() should be compatible with Think\Controller::error($message = '', $jumpUrl = '', $ajax = false) C:\phpStudy\PHPTutorial\WWW\tp3.2\Application\Home\Controller\CommonController.class.php 第 24 行.
NOTIC: [2048] Declaration of Common\Model\PositionContentModel::find() should be compatible with Think\Model::find($options = Array) C:\phpStudy\PHPTutorial\WWW\tp3.2\Application\Common\Model\PositionContentModel.class.php 第 6 行.
SQL: SHOW COLUMNS FROM `cms_position_content` [ RunTime:0.0264s ]
NOTIC: [8] Undefined index: title C:\phpStudy\PHPTutorial\WWW\tp3.2\Application\Common\Model\PositionContentModel.class.php 第 15 行.
SQL: SELECT * FROM `cms_position_content` WHERE `status` = 1 AND `position_id` = 2 ORDER BY listorder desc ,id desc LIMIT 1   [ RunTime:0.0004s ]
NOTIC: [8] Undefined index: title C:\phpStudy\PHPTutorial\WWW\tp3.2\Application\Common\Model\PositionContentModel.class.php 第 15 行.
SQL: SELECT * FROM `cms_position_content` WHERE `status` = 1 AND `position_id` = 3 ORDER BY listorder desc ,id desc LIMIT 3   [ RunTime:0.0003s ]
NOTIC: [2048] Declaration of Common\Model\NewsModel::find() should be compatible with Think\Model::find($options = Array) C:\phpStudy\PHPTutorial\WWW\tp3.2\Application\Common\Model\NewsModel.class.php 第 124 行.
SQL: SHOW COLUMNS FROM `cms_news` [ RunTime:0.0161s ]
SQL: SELECT * FROM `cms_news` WHERE `status` = 1 AND `thumb` <> '' ORDER BY news_id desc LIMIT 30   [ RunTime:0.0004s ]
SQL: SELECT * FROM `cms_news` WHERE `status` = 1 ORDER BY count desc,news_id desc  LIMIT 10   [ RunTime:0.0003s ]
NOTIC: [8] Undefined index: title C:\phpStudy\PHPTutorial\WWW\tp3.2\Application\Common\Model\PositionContentModel.class.php 第 15 行.
SQL: SELECT * FROM `cms_position_content` WHERE `status` = 1 AND `position_id` = 5 ORDER BY listorder desc ,id desc LIMIT 2   [ RunTime:0.0003s ]
INFO: [ view_parse ] --START--
INFO: [ template_filter ] --START--
INFO: Run Behavior\ContentReplaceBehavior [ RunTime:0.000057s ]
INFO: [ template_filter ] --END-- [ RunTime:0.000102s ]
NOTIC: [2048] Declaration of Common\Model\BasicModel::save() should be compatible with Think\Model::save($data = '', $options = Array) C:\phpStudy\PHPTutorial\WWW\tp3.2\Application\Common\Model\BasicModel.class.php 第 25 行.
NOTIC: [2048] Declaration of Common\Model\BasicModel::select() should be compatible with Think\Model::select($options = Array) C:\phpStudy\PHPTutorial\WWW\tp3.2\Application\Common\Model\BasicModel.class.php 第 25 行.
NOTIC: [2048] Declaration of Common\Model\MenuModel::find() should be compatible with Think\Model::find($options = Array) C:\phpStudy\PHPTutorial\WWW\tp3.2\Application\Common\Model\MenuModel.class.php 第 104 行.
SQL: SHOW COLUMNS FROM `cms_menu` [ RunTime:0.0158s ]
SQL: SELECT * FROM `cms_menu` WHERE `status` = 1 AND `type` = 0 ORDER BY listorder desc,menu_id desc  [ RunTime:0.0004s ]
NOTIC: [8] Undefined index: id C:\phpStudy\PHPTutorial\WWW\tp3.2\Application\Runtime\Cache\Home\2a94b8bda04ff446dcedd42276fc99ee.php 第 1 行.
NOTIC: [8] Undefined variable: flag C:\phpStudy\PHPTutorial\WWW\tp3.2\Application\Runtime\Cache\Home\2a94b8bda04ff446dcedd42276fc99ee.php 第 1 行.
NOTIC: [8] Undefined index: catId C:\phpStudy\PHPTutorial\WWW\tp3.2\Application\Runtime\Cache\Home\2a94b8bda04ff446dcedd42276fc99ee.php 第 22 行.
NOTIC: [8] Undefined index: catId C:\phpStudy\PHPTutorial\WWW\tp3.2\Application\Runtime\Cache\Home\2a94b8bda04ff446dcedd42276fc99ee.php 第 23 行.
NOTIC: [8] Undefined index: catId C:\phpStudy\PHPTutorial\WWW\tp3.2\Application\Runtime\Cache\Home\2a94b8bda04ff446dcedd42276fc99ee.php 第 23 行.
NOTIC: [8] Undefined index: catId C:\phpStudy\PHPTutorial\WWW\tp3.2\Application\Runtime\Cache\Home\2a94b8bda04ff446dcedd42276fc99ee.php 第 23 行.
INFO: Run Behavior\ParseTemplateBehavior [ RunTime:0.032306s ]
INFO: [ view_parse ] --END-- [ RunTime:0.032364s ]
INFO: [ view_filter ] --START--
INFO: Run Behavior\WriteHtmlCacheBehavior [ RunTime:0.001175s ]
INFO: [ view_filter ] --END-- [ RunTime:0.001224s ]
INFO: [ app_end ] --START--
INFO: Run Behavior\ShowPageTraceBehavior [ RunTime:0.001076s ]
INFO: [ app_end ] --END-- [ RunTime:0.001134s ]

[ 2019-05-14T23:36:05+08:00 ] ::1 /index.php?c=index&a=getCount
INFO: [ app_init ] --START--
INFO: Run Behavior\BuildLiteBehavior [ RunTime:0.000011s ]
INFO: [ app_init ] --END-- [ RunTime:0.000293s ]
INFO: [ app_begin ] --START--
INFO: Run Behavior\ReadHtmlCacheBehavior [ RunTime:0.000580s ]
INFO: [ app_begin ] --END-- [ RunTime:0.000618s ]
NOTIC: [2048] Declaration of Home\Controller\CommonController::error() should be compatible with Think\Controller::error($message = '', $jumpUrl = '', $ajax = false) C:\phpStudy\PHPTutorial\WWW\tp3.2\Application\Home\Controller\CommonController.class.php 第 24 行.
ERR: 非法操作:getCount

[ 2019-05-14T23:36:54+08:00 ] ::1 /index.php
INFO: [ app_init ] --START--
INFO: Run Behavior\BuildLiteBehavior [ RunTime:0.000022s ]
INFO: [ app_init ] --END-- [ RunTime:0.000473s ]
INFO: [ app_begin ] --START--
INFO: Run Behavior\ReadHtmlCacheBehavior [ RunTime:0.000769s ]
INFO: [ app_begin ] --END-- [ RunTime:0.000841s ]
NOTIC: [2048] Declaration of Home\Controller\CommonController::error() should be compatible with Think\Controller::error($message = '', $jumpUrl = '', $ajax = false) C:\phpStudy\PHPTutorial\WWW\tp3.2\Application\Home\Controller\CommonController.class.php 第 24 行.
NOTIC: [2048] Declaration of Common\Model\PositionContentModel::find() should be compatible with Think\Model::find($options = Array) C:\phpStudy\PHPTutorial\WWW\tp3.2\Application\Common\Model\PositionContentModel.class.php 第 6 行.
SQL: SHOW COLUMNS FROM `cms_position_content` [ RunTime:0.0274s ]
NOTIC: [8] Undefined index: title C:\phpStudy\PHPTutorial\WWW\tp3.2\Application\Common\Model\PositionContentModel.class.php 第 15 行.
SQL: SELECT * FROM `cms_position_content` WHERE `status` = 1 AND `position_id` = 2 ORDER BY listorder desc ,id desc LIMIT 1   [ RunTime:0.0005s ]
NOTIC: [8] Undefined index: title C:\phpStudy\PHPTutorial\WWW\tp3.2\Application\Common\Model\PositionContentModel.class.php 第 15 行.
SQL: SELECT * FROM `cms_position_content` WHERE `status` = 1 AND `position_id` = 3 ORDER BY listorder desc ,id desc LIMIT 3   [ RunTime:0.0004s ]
NOTIC: [2048] Declaration of Common\Model\NewsModel::find() should be compatible with Think\Model::find($options = Array) C:\phpStudy\PHPTutorial\WWW\tp3.2\Application\Common\Model\NewsModel.class.php 第 124 行.
SQL: SHOW COLUMNS FROM `cms_news` [ RunTime:0.0182s ]
SQL: SELECT * FROM `cms_news` WHERE `status` = 1 AND `thumb` <> '' ORDER BY news_id desc LIMIT 30   [ RunTime:0.0004s ]
SQL: SELECT * FROM `cms_news` WHERE `status` = 1 ORDER BY count desc,news_id desc  LIMIT 10   [ RunTime:0.0004s ]
NOTIC: [8] Undefined index: title C:\phpStudy\PHPTutorial\WWW\tp3.2\Application\Common\Model\PositionContentModel.class.php 第 15 行.
SQL: SELECT * FROM `cms_position_content` WHERE `status` = 1 AND `position_id` = 5 ORDER BY listorder desc ,id desc LIMIT 2   [ RunTime:0.0002s ]
INFO: [ view_parse ] --START--
INFO: [ template_filter ] --START--
INFO: Run Behavior\ContentReplaceBehavior [ RunTime:0.000069s ]
INFO: [ template_filter ] --END-- [ RunTime:0.000120s ]
NOTIC: [2048] Declaration of Common\Model\BasicModel::save() should be compatible with Think\Model::save($data = '', $options = Array) C:\phpStudy\PHPTutorial\WWW\tp3.2\Application\Common\Model\BasicModel.class.php 第 25 行.
NOTIC: [2048] Declaration of Common\Model\BasicModel::select() should be compatible with Think\Model::select($options = Array) C:\phpStudy\PHPTutorial\WWW\tp3.2\Application\Common\Model\BasicModel.class.php 第 25 行.
NOTIC: [2048] Declaration of Common\Model\MenuModel::find() should be compatible with Think\Model::find($options = Array) C:\phpStudy\PHPTutorial\WWW\tp3.2\Application\Common\Model\MenuModel.class.php 第 104 行.
SQL: SHOW COLUMNS FROM `cms_menu` [ RunTime:0.0246s ]
SQL: SELECT * FROM `cms_menu` WHERE `status` = 1 AND `type` = 0 ORDER BY listorder desc,menu_id desc  [ RunTime:0.0004s ]
NOTIC: [8] Undefined index: id C:\phpStudy\PHPTutorial\WWW\tp3.2\Application\Runtime\Cache\Home\2a94b8bda04ff446dcedd42276fc99ee.php 第 1 行.
NOTIC: [8] Undefined variable: flag C:\phpStudy\PHPTutorial\WWW\tp3.2\Application\Runtime\Cache\Home\2a94b8bda04ff446dcedd42276fc99ee.php 第 1 行.
NOTIC: [8] Undefined index: catId C:\phpStudy\PHPTutorial\WWW\tp3.2\Application\Runtime\Cache\Home\2a94b8bda04ff446dcedd42276fc99ee.php 第 22 行.
NOTIC: [8] Undefined index: catId C:\phpStudy\PHPTutorial\WWW\tp3.2\Application\Runtime\Cache\Home\2a94b8bda04ff446dcedd42276fc99ee.php 第 23 行.
NOTIC: [8] Undefined index: catId C:\phpStudy\PHPTutorial\WWW\tp3.2\Application\Runtime\Cache\Home\2a94b8bda04ff446dcedd42276fc99ee.php 第 23 行.
NOTIC: [8] Undefined index: catId C:\phpStudy\PHPTutorial\WWW\tp3.2\Application\Runtime\Cache\Home\2a94b8bda04ff446dcedd42276fc99ee.php 第 23 行.
INFO: Run Behavior\ParseTemplateBehavior [ RunTime:0.074669s ]
INFO: [ view_parse ] --END-- [ RunTime:0.074702s ]
INFO: [ view_filter ] --START--
INFO: Run Behavior\WriteHtmlCacheBehavior [ RunTime:0.000693s ]
INFO: [ view_filter ] --END-- [ RunTime:0.000722s ]
INFO: [ app_end ] --START--
INFO: Run Behavior\ShowPageTraceBehavior [ RunTime:0.000820s ]
INFO: [ app_end ] --END-- [ RunTime:0.000870s ]

[ 2019-05-14T23:36:55+08:00 ] ::1 /index.php?c=index&a=getCount
INFO: [ app_init ] --START--
INFO: Run Behavior\BuildLiteBehavior [ RunTime:0.000013s ]
INFO: [ app_init ] --END-- [ RunTime:0.000315s ]
INFO: [ app_begin ] --START--
INFO: Run Behavior\ReadHtmlCacheBehavior [ RunTime:0.000767s ]
INFO: [ app_begin ] --END-- [ RunTime:0.000808s ]
NOTIC: [2048] Declaration of Home\Controller\CommonController::error() should be compatible with Think\Controller::error($message = '', $jumpUrl = '', $ajax = false) C:\phpStudy\PHPTutorial\WWW\tp3.2\Application\Home\Controller\CommonController.class.php 第 24 行.
ERR: 非法操作:getCount

[ 2019-05-14T23:37:22+08:00 ] ::1 /index.php?c=detail&id=23
INFO: [ app_init ] --START--
INFO: Run Behavior\BuildLiteBehavior [ RunTime:0.000013s ]
INFO: [ app_init ] --END-- [ RunTime:0.000342s ]
INFO: [ app_begin ] --START--
INFO: Run Behavior\ReadHtmlCacheBehavior [ RunTime:0.000591s ]
INFO: [ app_begin ] --END-- [ RunTime:0.000629s ]
NOTIC: [2048] Declaration of Home\Controller\CommonController::error() should be compatible with Think\Controller::error($message = '', $jumpUrl = '', $ajax = false) C:\phpStudy\PHPTutorial\WWW\tp3.2\Application\Home\Controller\CommonController.class.php 第 24 行.
NOTIC: [2048] Declaration of Common\Model\NewsModel::find() should be compatible with Think\Model::find($options = Array) C:\phpStudy\PHPTutorial\WWW\tp3.2\Application\Common\Model\NewsModel.class.php 第 5 行.
SQL: SHOW COLUMNS FROM `cms_news` [ RunTime:0.0220s ]
SQL: SELECT * FROM `cms_news` WHERE ( news_id=23 ) LIMIT 1   [ RunTime:0.0003s ]
SQL: UPDATE `cms_news` SET `news_id`='23',`catid`='15',`title`='蔡徐坤打篮球被电竞圈认可？LPL众选手改名回应：鸡你太美',`small_title`='蔡徐坤被认可？?',`title_font_color`='#5674ed',`thumb`='/tp3.2/upload/2019/05/12/5cd8297b08d22.jpg',`keywords`='蔡徐坤',`description`='蔡徐坤牛逼',`listorder`='0',`status`='1',`copyfrom`='0',`user_name`='',`create_time`='1557670360',`update_time`='0',`count`='0' WHERE ( news_id=23 ) [ RunTime:0.0026s ]
NOTIC: [2048] Declaration of Common\Model\NewsContentModel::find() should be compatible with Think\Model::find($options = Array) C:\phpStudy\PHPTutorial\WWW\tp3.2\Application\Common\Model\NewsContentModel.class.php 第 43 行.
SQL: SHOW COLUMNS FROM `cms_news_content` [ RunTime:0.0437s ]
SQL: SELECT * FROM `cms_news_content` WHERE ( news_id=23 ) LIMIT 1   [ RunTime:0.0014s ]
NOTIC: [2048] Declaration of Common\Model\PositionContentModel::find() should be compatible with Think\Model::find($options = Array) C:\phpStudy\PHPTutorial\WWW\tp3.2\Application\Common\Model\PositionContentModel.class.php 第 75 行.
SQL: SHOW COLUMNS FROM `cms_position_content` [ RunTime:0.0190s ]
NOTIC: [8] Undefined index: title C:\phpStudy\PHPTutorial\WWW\tp3.2\Application\Common\Model\PositionContentModel.class.php 第 15 行.
SQL: SELECT * FROM `cms_position_content` WHERE `status` = 1 AND `position_id` = 5 ORDER BY listorder desc ,id desc LIMIT 2   [ RunTime:0.0005s ]
SQL: SELECT * FROM `cms_news` WHERE `status` = 1 ORDER BY count desc,news_id desc  LIMIT 10   [ RunTime:0.0003s ]
INFO: [ view_parse ] --START--
INFO: [ template_filter ] --START--
INFO: Run Behavior\ContentReplaceBehavior [ RunTime:0.000051s ]
INFO: [ template_filter ] --END-- [ RunTime:0.000114s ]
NOTIC: [2048] Declaration of Common\Model\BasicModel::save() should be compatible with Think\Model::save($data = '', $options = Array) C:\phpStudy\PHPTutorial\WWW\tp3.2\Application\Common\Model\BasicModel.class.php 第 25 行.
NOTIC: [2048] Declaration of Common\Model\BasicModel::select() should be compatible with Think\Model::select($options = Array) C:\phpStudy\PHPTutorial\WWW\tp3.2\Application\Common\Model\BasicModel.class.php 第 25 行.
NOTIC: [2048] Declaration of Common\Model\MenuModel::find() should be compatible with Think\Model::find($options = Array) C:\phpStudy\PHPTutorial\WWW\tp3.2\Application\Common\Model\MenuModel.class.php 第 104 行.
SQL: SHOW COLUMNS FROM `cms_menu` [ RunTime:0.0200s ]
SQL: SELECT * FROM `cms_menu` WHERE `status` = 1 AND `type` = 0 ORDER BY listorder desc,menu_id desc  [ RunTime:0.0005s ]
SQL: SELECT * FROM `cms_news` WHERE ( news_id=23 ) LIMIT 1   [ RunTime:0.0003s ]
INFO: Run Behavior\ParseTemplateBehavior [ RunTime:0.059215s ]
INFO: [ view_parse ] --END-- [ RunTime:0.059247s ]
INFO: [ view_filter ] --START--
INFO: Run Behavior\WriteHtmlCacheBehavior [ RunTime:0.002898s ]
INFO: [ view_filter ] --END-- [ RunTime:0.003019s ]
INFO: [ app_end ] --START--
INFO: Run Behavior\ShowPageTraceBehavior [ RunTime:0.000969s ]
INFO: [ app_end ] --END-- [ RunTime:0.001013s ]

[ 2019-05-14T23:37:27+08:00 ] ::1 /index.php
INFO: [ app_init ] --START--
INFO: Run Behavior\BuildLiteBehavior [ RunTime:0.000011s ]
INFO: [ app_init ] --END-- [ RunTime:0.000288s ]
INFO: [ app_begin ] --START--
INFO: Run Behavior\ReadHtmlCacheBehavior [ RunTime:0.000560s ]
INFO: [ app_begin ] --END-- [ RunTime:0.000595s ]
NOTIC: [2048] Declaration of Home\Controller\CommonController::error() should be compatible with Think\Controller::error($message = '', $jumpUrl = '', $ajax = false) C:\phpStudy\PHPTutorial\WWW\tp3.2\Application\Home\Controller\CommonController.class.php 第 24 行.
NOTIC: [2048] Declaration of Common\Model\PositionContentModel::find() should be compatible with Think\Model::find($options = Array) C:\phpStudy\PHPTutorial\WWW\tp3.2\Application\Common\Model\PositionContentModel.class.php 第 6 行.
SQL: SHOW COLUMNS FROM `cms_position_content` [ RunTime:0.0292s ]
NOTIC: [8] Undefined index: title C:\phpStudy\PHPTutorial\WWW\tp3.2\Application\Common\Model\PositionContentModel.class.php 第 15 行.
SQL: SELECT * FROM `cms_position_content` WHERE `status` = 1 AND `position_id` = 2 ORDER BY listorder desc ,id desc LIMIT 1   [ RunTime:0.0006s ]
NOTIC: [8] Undefined index: title C:\phpStudy\PHPTutorial\WWW\tp3.2\Application\Common\Model\PositionContentModel.class.php 第 15 行.
SQL: SELECT * FROM `cms_position_content` WHERE `status` = 1 AND `position_id` = 3 ORDER BY listorder desc ,id desc LIMIT 3   [ RunTime:0.0005s ]
NOTIC: [2048] Declaration of Common\Model\NewsModel::find() should be compatible with Think\Model::find($options = Array) C:\phpStudy\PHPTutorial\WWW\tp3.2\Application\Common\Model\NewsModel.class.php 第 124 行.
SQL: SHOW COLUMNS FROM `cms_news` [ RunTime:0.0146s ]
SQL: SELECT * FROM `cms_news` WHERE `status` = 1 AND `thumb` <> '' ORDER BY news_id desc LIMIT 30   [ RunTime:0.0004s ]
SQL: SELECT * FROM `cms_news` WHERE `status` = 1 ORDER BY count desc,news_id desc  LIMIT 10   [ RunTime:0.0003s ]
NOTIC: [8] Undefined index: title C:\phpStudy\PHPTutorial\WWW\tp3.2\Application\Common\Model\PositionContentModel.class.php 第 15 行.
SQL: SELECT * FROM `cms_position_content` WHERE `status` = 1 AND `position_id` = 5 ORDER BY listorder desc ,id desc LIMIT 2   [ RunTime:0.0002s ]
INFO: [ view_parse ] --START--
INFO: [ template_filter ] --START--
INFO: Run Behavior\ContentReplaceBehavior [ RunTime:0.000052s ]
INFO: [ template_filter ] --END-- [ RunTime:0.000124s ]
NOTIC: [2048] Declaration of Common\Model\BasicModel::save() should be compatible with Think\Model::save($data = '', $options = Array) C:\phpStudy\PHPTutorial\WWW\tp3.2\Application\Common\Model\BasicModel.class.php 第 25 行.
NOTIC: [2048] Declaration of Common\Model\BasicModel::select() should be compatible with Think\Model::select($options = Array) C:\phpStudy\PHPTutorial\WWW\tp3.2\Application\Common\Model\BasicModel.class.php 第 25 行.
NOTIC: [2048] Declaration of Common\Model\MenuModel::find() should be compatible with Think\Model::find($options = Array) C:\phpStudy\PHPTutorial\WWW\tp3.2\Application\Common\Model\MenuModel.class.php 第 104 行.
SQL: SHOW COLUMNS FROM `cms_menu` [ RunTime:0.0167s ]
SQL: SELECT * FROM `cms_menu` WHERE `status` = 1 AND `type` = 0 ORDER BY listorder desc,menu_id desc  [ RunTime:0.0003s ]
NOTIC: [8] Undefined index: id C:\phpStudy\PHPTutorial\WWW\tp3.2\Application\Runtime\Cache\Home\2a94b8bda04ff446dcedd42276fc99ee.php 第 1 行.
NOTIC: [8] Undefined variable: flag C:\phpStudy\PHPTutorial\WWW\tp3.2\Application\Runtime\Cache\Home\2a94b8bda04ff446dcedd42276fc99ee.php 第 1 行.
NOTIC: [8] Undefined index: catId C:\phpStudy\PHPTutorial\WWW\tp3.2\Application\Runtime\Cache\Home\2a94b8bda04ff446dcedd42276fc99ee.php 第 22 行.
NOTIC: [8] Undefined index: catId C:\phpStudy\PHPTutorial\WWW\tp3.2\Application\Runtime\Cache\Home\2a94b8bda04ff446dcedd42276fc99ee.php 第 23 行.
NOTIC: [8] Undefined index: catId C:\phpStudy\PHPTutorial\WWW\tp3.2\Application\Runtime\Cache\Home\2a94b8bda04ff446dcedd42276fc99ee.php 第 23 行.
NOTIC: [8] Undefined index: catId C:\phpStudy\PHPTutorial\WWW\tp3.2\Application\Runtime\Cache\Home\2a94b8bda04ff446dcedd42276fc99ee.php 第 23 行.
INFO: Run Behavior\ParseTemplateBehavior [ RunTime:0.040452s ]
INFO: [ view_parse ] --END-- [ RunTime:0.040486s ]
INFO: [ view_filter ] --START--
INFO: Run Behavior\WriteHtmlCacheBehavior [ RunTime:0.000843s ]
INFO: [ view_filter ] --END-- [ RunTime:0.000895s ]
INFO: [ app_end ] --START--
INFO: Run Behavior\ShowPageTraceBehavior [ RunTime:0.001186s ]
INFO: [ app_end ] --END-- [ RunTime:0.001226s ]

[ 2019-05-14T23:37:27+08:00 ] ::1 /index.php?c=index&a=getCount
INFO: [ app_init ] --START--
INFO: Run Behavior\BuildLiteBehavior [ RunTime:0.000014s ]
INFO: [ app_init ] --END-- [ RunTime:0.000299s ]
INFO: [ app_begin ] --START--
INFO: Run Behavior\ReadHtmlCacheBehavior [ RunTime:0.000625s ]
INFO: [ app_begin ] --END-- [ RunTime:0.000659s ]
NOTIC: [2048] Declaration of Home\Controller\CommonController::error() should be compatible with Think\Controller::error($message = '', $jumpUrl = '', $ajax = false) C:\phpStudy\PHPTutorial\WWW\tp3.2\Application\Home\Controller\CommonController.class.php 第 24 行.
ERR: 非法操作:getCount

[ 2019-05-14T23:37:33+08:00 ] ::1 /index.php?c=detail&id=20
INFO: [ app_init ] --START--
INFO: Run Behavior\BuildLiteBehavior [ RunTime:0.000013s ]
INFO: [ app_init ] --END-- [ RunTime:0.000335s ]
INFO: [ app_begin ] --START--
INFO: Run Behavior\ReadHtmlCacheBehavior [ RunTime:0.000583s ]
INFO: [ app_begin ] --END-- [ RunTime:0.000629s ]
NOTIC: [2048] Declaration of Home\Controller\CommonController::error() should be compatible with Think\Controller::error($message = '', $jumpUrl = '', $ajax = false) C:\phpStudy\PHPTutorial\WWW\tp3.2\Application\Home\Controller\CommonController.class.php 第 24 行.
NOTIC: [2048] Declaration of Common\Model\NewsModel::find() should be compatible with Think\Model::find($options = Array) C:\phpStudy\PHPTutorial\WWW\tp3.2\Application\Common\Model\NewsModel.class.php 第 5 行.
SQL: SHOW COLUMNS FROM `cms_news` [ RunTime:0.0248s ]
SQL: SELECT * FROM `cms_news` WHERE ( news_id=20 ) LIMIT 1   [ RunTime:0.0003s ]
SQL: UPDATE `cms_news` SET `news_id`='20',`catid`='10',`title`='2020年U19亚洲杯预选赛分组：国青遭遇韩国',`small_title`='国青遭遇韩国',`title_font_color`='#ed568b',`thumb`='/tp3.2/upload/2019/05/12/5cd7bf6a3f7a4.jpg',`keywords`='足球，体育，国足',`description`='体育足球',`listorder`='0',`status`='1',`copyfrom`='2',`user_name`='',`create_time`='1557642779',`update_time`='0',`count`='0' WHERE ( news_id=20 ) [ RunTime:0.0003s ]
NOTIC: [2048] Declaration of Common\Model\NewsContentModel::find() should be compatible with Think\Model::find($options = Array) C:\phpStudy\PHPTutorial\WWW\tp3.2\Application\Common\Model\NewsContentModel.class.php 第 43 行.
SQL: SHOW COLUMNS FROM `cms_news_content` [ RunTime:0.0163s ]
SQL: SELECT * FROM `cms_news_content` WHERE ( news_id=20 ) LIMIT 1   [ RunTime:0.0003s ]
NOTIC: [2048] Declaration of Common\Model\PositionContentModel::find() should be compatible with Think\Model::find($options = Array) C:\phpStudy\PHPTutorial\WWW\tp3.2\Application\Common\Model\PositionContentModel.class.php 第 75 行.
SQL: SHOW COLUMNS FROM `cms_position_content` [ RunTime:0.0172s ]
NOTIC: [8] Undefined index: title C:\phpStudy\PHPTutorial\WWW\tp3.2\Application\Common\Model\PositionContentModel.class.php 第 15 行.
SQL: SELECT * FROM `cms_position_content` WHERE `status` = 1 AND `position_id` = 5 ORDER BY listorder desc ,id desc LIMIT 2   [ RunTime:0.0007s ]
SQL: SELECT * FROM `cms_news` WHERE `status` = 1 ORDER BY count desc,news_id desc  LIMIT 10   [ RunTime:0.0005s ]
INFO: [ view_parse ] --START--
INFO: [ template_filter ] --START--
INFO: Run Behavior\ContentReplaceBehavior [ RunTime:0.000032s ]
INFO: [ template_filter ] --END-- [ RunTime:0.000068s ]
NOTIC: [2048] Declaration of Common\Model\BasicModel::save() should be compatible with Think\Model::save($data = '', $options = Array) C:\phpStudy\PHPTutorial\WWW\tp3.2\Application\Common\Model\BasicModel.class.php 第 25 行.
NOTIC: [2048] Declaration of Common\Model\BasicModel::select() should be compatible with Think\Model::select($options = Array) C:\phpStudy\PHPTutorial\WWW\tp3.2\Application\Common\Model\BasicModel.class.php 第 25 行.
NOTIC: [2048] Declaration of Common\Model\MenuModel::find() should be compatible with Think\Model::find($options = Array) C:\phpStudy\PHPTutorial\WWW\tp3.2\Application\Common\Model\MenuModel.class.php 第 104 行.
SQL: SHOW COLUMNS FROM `cms_menu` [ RunTime:0.0192s ]
SQL: SELECT * FROM `cms_menu` WHERE `status` = 1 AND `type` = 0 ORDER BY listorder desc,menu_id desc  [ RunTime:0.0003s ]
SQL: SELECT * FROM `cms_news` WHERE ( news_id=20 ) LIMIT 1   [ RunTime:0.0002s ]
INFO: Run Behavior\ParseTemplateBehavior [ RunTime:0.036715s ]
INFO: [ view_parse ] --END-- [ RunTime:0.036780s ]
INFO: [ view_filter ] --START--
INFO: Run Behavior\WriteHtmlCacheBehavior [ RunTime:0.000617s ]
INFO: [ view_filter ] --END-- [ RunTime:0.000647s ]
INFO: [ app_end ] --START--
INFO: Run Behavior\ShowPageTraceBehavior [ RunTime:0.000759s ]
INFO: [ app_end ] --END-- [ RunTime:0.000791s ]

[ 2019-05-14T23:37:53+08:00 ] ::1 /index.php?c=index&a=getCount
INFO: [ app_init ] --START--
INFO: Run Behavior\BuildLiteBehavior [ RunTime:0.000018s ]
INFO: [ app_init ] --END-- [ RunTime:0.000565s ]
INFO: [ app_begin ] --START--
INFO: Run Behavior\ReadHtmlCacheBehavior [ RunTime:0.001040s ]
INFO: [ app_begin ] --END-- [ RunTime:0.001109s ]
NOTIC: [2048] Declaration of Home\Controller\CommonController::error() should be compatible with Think\Controller::error($message = '', $jumpUrl = '', $ajax = false) C:\phpStudy\PHPTutorial\WWW\tp3.2\Application\Home\Controller\CommonController.class.php 第 24 行.
ERR: 非法操作:getCount

[ 2019-05-14T23:40:07+08:00 ] ::1 /index.php
INFO: [ app_init ] --START--
INFO: Run Behavior\BuildLiteBehavior [ RunTime:0.000012s ]
INFO: [ app_init ] --END-- [ RunTime:0.000472s ]
INFO: [ app_begin ] --START--
INFO: Run Behavior\ReadHtmlCacheBehavior [ RunTime:0.000700s ]
INFO: [ app_begin ] --END-- [ RunTime:0.000736s ]
NOTIC: [2048] Declaration of Home\Controller\CommonController::error() should be compatible with Think\Controller::error($message = '', $jumpUrl = '', $ajax = false) C:\phpStudy\PHPTutorial\WWW\tp3.2\Application\Home\Controller\CommonController.class.php 第 24 行.
NOTIC: [2048] Declaration of Common\Model\PositionContentModel::find() should be compatible with Think\Model::find($options = Array) C:\phpStudy\PHPTutorial\WWW\tp3.2\Application\Common\Model\PositionContentModel.class.php 第 6 行.
SQL: SHOW COLUMNS FROM `cms_position_content` [ RunTime:0.0258s ]
NOTIC: [8] Undefined index: title C:\phpStudy\PHPTutorial\WWW\tp3.2\Application\Common\Model\PositionContentModel.class.php 第 15 行.
SQL: SELECT * FROM `cms_position_content` WHERE `status` = 1 AND `position_id` = 2 ORDER BY listorder desc ,id desc LIMIT 1   [ RunTime:0.0003s ]
NOTIC: [8] Undefined index: title C:\phpStudy\PHPTutorial\WWW\tp3.2\Application\Common\Model\PositionContentModel.class.php 第 15 行.
SQL: SELECT * FROM `cms_position_content` WHERE `status` = 1 AND `position_id` = 3 ORDER BY listorder desc ,id desc LIMIT 3   [ RunTime:0.0003s ]
NOTIC: [2048] Declaration of Common\Model\NewsModel::find() should be compatible with Think\Model::find($options = Array) C:\phpStudy\PHPTutorial\WWW\tp3.2\Application\Common\Model\NewsModel.class.php 第 124 行.
SQL: SHOW COLUMNS FROM `cms_news` [ RunTime:0.0163s ]
SQL: SELECT * FROM `cms_news` WHERE `status` = 1 AND `thumb` <> '' ORDER BY news_id desc LIMIT 30   [ RunTime:0.0003s ]
SQL: SELECT * FROM `cms_news` WHERE `status` = 1 ORDER BY count desc,news_id desc  LIMIT 10   [ RunTime:0.0003s ]
NOTIC: [8] Undefined index: title C:\phpStudy\PHPTutorial\WWW\tp3.2\Application\Common\Model\PositionContentModel.class.php 第 15 行.
SQL: SELECT * FROM `cms_position_content` WHERE `status` = 1 AND `position_id` = 5 ORDER BY listorder desc ,id desc LIMIT 2   [ RunTime:0.0002s ]
INFO: [ view_parse ] --START--
INFO: [ template_filter ] --START--
INFO: Run Behavior\ContentReplaceBehavior [ RunTime:0.000045s ]
INFO: [ template_filter ] --END-- [ RunTime:0.000085s ]
NOTIC: [2048] Declaration of Common\Model\BasicModel::save() should be compatible with Think\Model::save($data = '', $options = Array) C:\phpStudy\PHPTutorial\WWW\tp3.2\Application\Common\Model\BasicModel.class.php 第 25 行.
NOTIC: [2048] Declaration of Common\Model\BasicModel::select() should be compatible with Think\Model::select($options = Array) C:\phpStudy\PHPTutorial\WWW\tp3.2\Application\Common\Model\BasicModel.class.php 第 25 行.
NOTIC: [2048] Declaration of Common\Model\MenuModel::find() should be compatible with Think\Model::find($options = Array) C:\phpStudy\PHPTutorial\WWW\tp3.2\Application\Common\Model\MenuModel.class.php 第 104 行.
SQL: SHOW COLUMNS FROM `cms_menu` [ RunTime:0.0156s ]
SQL: SELECT * FROM `cms_menu` WHERE `status` = 1 AND `type` = 0 ORDER BY listorder desc,menu_id desc  [ RunTime:0.0003s ]
NOTIC: [8] Undefined index: id C:\phpStudy\PHPTutorial\WWW\tp3.2\Application\Runtime\Cache\Home\2a94b8bda04ff446dcedd42276fc99ee.php 第 1 行.
NOTIC: [8] Undefined variable: flag C:\phpStudy\PHPTutorial\WWW\tp3.2\Application\Runtime\Cache\Home\2a94b8bda04ff446dcedd42276fc99ee.php 第 1 行.
NOTIC: [8] Undefined index: catId C:\phpStudy\PHPTutorial\WWW\tp3.2\Application\Runtime\Cache\Home\2a94b8bda04ff446dcedd42276fc99ee.php 第 22 行.
NOTIC: [8] Undefined index: catId C:\phpStudy\PHPTutorial\WWW\tp3.2\Application\Runtime\Cache\Home\2a94b8bda04ff446dcedd42276fc99ee.php 第 23 行.
NOTIC: [8] Undefined index: catId C:\phpStudy\PHPTutorial\WWW\tp3.2\Application\Runtime\Cache\Home\2a94b8bda04ff446dcedd42276fc99ee.php 第 23 行.
NOTIC: [8] Undefined index: catId C:\phpStudy\PHPTutorial\WWW\tp3.2\Application\Runtime\Cache\Home\2a94b8bda04ff446dcedd42276fc99ee.php 第 23 行.
INFO: Run Behavior\ParseTemplateBehavior [ RunTime:0.030378s ]
INFO: [ view_parse ] --END-- [ RunTime:0.030411s ]
INFO: [ view_filter ] --START--
INFO: Run Behavior\WriteHtmlCacheBehavior [ RunTime:0.000589s ]
INFO: [ view_filter ] --END-- [ RunTime:0.000620s ]
INFO: [ app_end ] --START--
INFO: Run Behavior\ShowPageTraceBehavior [ RunTime:0.000734s ]
INFO: [ app_end ] --END-- [ RunTime:0.000784s ]

[ 2019-05-14T23:40:07+08:00 ] ::1 /index.php?c=index&a=getCount
INFO: [ app_init ] --START--
INFO: Run Behavior\BuildLiteBehavior [ RunTime:0.000018s ]
INFO: [ app_init ] --END-- [ RunTime:0.000479s ]
INFO: [ app_begin ] --START--
INFO: Run Behavior\ReadHtmlCacheBehavior [ RunTime:0.002038s ]
INFO: [ app_begin ] --END-- [ RunTime:0.002176s ]
NOTIC: [2048] Declaration of Home\Controller\CommonController::error() should be compatible with Think\Controller::error($message = '', $jumpUrl = '', $ajax = false) C:\phpStudy\PHPTutorial\WWW\tp3.2\Application\Home\Controller\CommonController.class.php 第 24 行.
ERR: 非法操作:getCount

[ 2019-05-14T23:41:43+08:00 ] ::1 /index.php
INFO: [ app_init ] --START--
INFO: Run Behavior\BuildLiteBehavior [ RunTime:0.000011s ]
INFO: [ app_init ] --END-- [ RunTime:0.000326s ]
INFO: [ app_begin ] --START--
INFO: Run Behavior\ReadHtmlCacheBehavior [ RunTime:0.000578s ]
INFO: [ app_begin ] --END-- [ RunTime:0.000612s ]
NOTIC: [2048] Declaration of Home\Controller\CommonController::error() should be compatible with Think\Controller::error($message = '', $jumpUrl = '', $ajax = false) C:\phpStudy\PHPTutorial\WWW\tp3.2\Application\Home\Controller\CommonController.class.php 第 24 行.
NOTIC: [2048] Declaration of Common\Model\PositionContentModel::find() should be compatible with Think\Model::find($options = Array) C:\phpStudy\PHPTutorial\WWW\tp3.2\Application\Common\Model\PositionContentModel.class.php 第 6 行.
SQL: SHOW COLUMNS FROM `cms_position_content` [ RunTime:0.0288s ]
NOTIC: [8] Undefined index: title C:\phpStudy\PHPTutorial\WWW\tp3.2\Application\Common\Model\PositionContentModel.class.php 第 15 行.
SQL: SELECT * FROM `cms_position_content` WHERE `status` = 1 AND `position_id` = 2 ORDER BY listorder desc ,id desc LIMIT 1   [ RunTime:0.0005s ]
NOTIC: [8] Undefined index: title C:\phpStudy\PHPTutorial\WWW\tp3.2\Application\Common\Model\PositionContentModel.class.php 第 15 行.
SQL: SELECT * FROM `cms_position_content` WHERE `status` = 1 AND `position_id` = 3 ORDER BY listorder desc ,id desc LIMIT 3   [ RunTime:0.0004s ]
NOTIC: [2048] Declaration of Common\Model\NewsModel::find() should be compatible with Think\Model::find($options = Array) C:\phpStudy\PHPTutorial\WWW\tp3.2\Application\Common\Model\NewsModel.class.php 第 124 行.
SQL: SHOW COLUMNS FROM `cms_news` [ RunTime:0.0158s ]
SQL: SELECT * FROM `cms_news` WHERE `status` = 1 AND `thumb` <> '' ORDER BY news_id desc LIMIT 30   [ RunTime:0.0005s ]
SQL: SELECT * FROM `cms_news` WHERE `status` = 1 ORDER BY count desc,news_id desc  LIMIT 10   [ RunTime:0.0005s ]
NOTIC: [8] Undefined index: title C:\phpStudy\PHPTutorial\WWW\tp3.2\Application\Common\Model\PositionContentModel.class.php 第 15 行.
SQL: SELECT * FROM `cms_position_content` WHERE `status` = 1 AND `position_id` = 5 ORDER BY listorder desc ,id desc LIMIT 2   [ RunTime:0.0003s ]
INFO: [ view_parse ] --START--
INFO: [ template_filter ] --START--
INFO: Run Behavior\ContentReplaceBehavior [ RunTime:0.000042s ]
INFO: [ template_filter ] --END-- [ RunTime:0.000076s ]
NOTIC: [2048] Declaration of Common\Model\BasicModel::save() should be compatible with Think\Model::save($data = '', $options = Array) C:\phpStudy\PHPTutorial\WWW\tp3.2\Application\Common\Model\BasicModel.class.php 第 25 行.
NOTIC: [2048] Declaration of Common\Model\BasicModel::select() should be compatible with Think\Model::select($options = Array) C:\phpStudy\PHPTutorial\WWW\tp3.2\Application\Common\Model\BasicModel.class.php 第 25 行.
NOTIC: [2048] Declaration of Common\Model\MenuModel::find() should be compatible with Think\Model::find($options = Array) C:\phpStudy\PHPTutorial\WWW\tp3.2\Application\Common\Model\MenuModel.class.php 第 104 行.
SQL: SHOW COLUMNS FROM `cms_menu` [ RunTime:0.0153s ]
SQL: SELECT * FROM `cms_menu` WHERE `status` = 1 AND `type` = 0 ORDER BY listorder desc,menu_id desc  [ RunTime:0.0006s ]
NOTIC: [8] Undefined index: id C:\phpStudy\PHPTutorial\WWW\tp3.2\Application\Runtime\Cache\Home\2a94b8bda04ff446dcedd42276fc99ee.php 第 1 行.
NOTIC: [8] Undefined variable: flag C:\phpStudy\PHPTutorial\WWW\tp3.2\Application\Runtime\Cache\Home\2a94b8bda04ff446dcedd42276fc99ee.php 第 1 行.
NOTIC: [8] Undefined index: catId C:\phpStudy\PHPTutorial\WWW\tp3.2\Application\Runtime\Cache\Home\2a94b8bda04ff446dcedd42276fc99ee.php 第 22 行.
NOTIC: [8] Undefined index: catId C:\phpStudy\PHPTutorial\WWW\tp3.2\Application\Runtime\Cache\Home\2a94b8bda04ff446dcedd42276fc99ee.php 第 23 行.
NOTIC: [8] Undefined index: catId C:\phpStudy\PHPTutorial\WWW\tp3.2\Application\Runtime\Cache\Home\2a94b8bda04ff446dcedd42276fc99ee.php 第 23 行.
NOTIC: [8] Undefined index: catId C:\phpStudy\PHPTutorial\WWW\tp3.2\Application\Runtime\Cache\Home\2a94b8bda04ff446dcedd42276fc99ee.php 第 23 行.
INFO: Run Behavior\ParseTemplateBehavior [ RunTime:0.029528s ]
INFO: [ view_parse ] --END-- [ RunTime:0.029580s ]
INFO: [ view_filter ] --START--
INFO: Run Behavior\WriteHtmlCacheBehavior [ RunTime:0.001205s ]
INFO: [ view_filter ] --END-- [ RunTime:0.001315s ]
INFO: [ app_end ] --START--
INFO: Run Behavior\ShowPageTraceBehavior [ RunTime:0.001195s ]
INFO: [ app_end ] --END-- [ RunTime:0.001252s ]

[ 2019-05-14T23:41:43+08:00 ] ::1 /index.php?c=index&a=getCount
INFO: [ app_init ] --START--
INFO: Run Behavior\BuildLiteBehavior [ RunTime:0.000032s ]
INFO: [ app_init ] --END-- [ RunTime:0.000313s ]
INFO: [ app_begin ] --START--
INFO: Run Behavior\ReadHtmlCacheBehavior [ RunTime:0.000814s ]
INFO: [ app_begin ] --END-- [ RunTime:0.000889s ]
NOTIC: [2048] Declaration of Home\Controller\CommonController::error() should be compatible with Think\Controller::error($message = '', $jumpUrl = '', $ajax = false) C:\phpStudy\PHPTutorial\WWW\tp3.2\Application\Home\Controller\CommonController.class.php 第 24 行.
ERR: 非法操作:getCount

