[ 2019-06-10T15:27:33+08:00 ] ::1 /Public/images/right.png
INFO: [ app_init ] --START--
INFO: Run Behavior\BuildLiteBehavior [ RunTime:0.000059s ]
INFO: [ app_init ] --END-- [ RunTime:0.001965s ]
ERR: 无法加载模块:Public

[ 2019-06-10T15:27:41+08:00 ] ::1 /Public/images/right.png
INFO: [ app_init ] --START--
INFO: Run Behavior\BuildLiteBehavior [ RunTime:0.000043s ]
INFO: [ app_init ] --END-- [ RunTime:0.001302s ]
ERR: 无法加载模块:Public

[ 2019-06-10T15:27:43+08:00 ] ::1 /favicon.ico
INFO: [ app_init ] --START--
INFO: Run Behavior\BuildLiteBehavior [ RunTime:0.000034s ]
INFO: [ app_init ] --END-- [ RunTime:0.000996s ]
ERR: 无法加载模块:Favicon

[ 2019-06-10T15:28:14+08:00 ] ::1 /Public/images/right.png
INFO: [ app_init ] --START--
INFO: Run Behavior\BuildLiteBehavior [ RunTime:0.000041s ]
INFO: [ app_init ] --END-- [ RunTime:0.001117s ]
ERR: 无法加载模块:Public

[ 2019-06-10T15:36:03+08:00 ] ::1 /Public/js/home/common.js
INFO: [ app_init ] --START--
INFO: Run Behavior\BuildLiteBehavior [ RunTime:0.000060s ]
INFO: [ app_init ] --END-- [ RunTime:0.001466s ]
ERR: 无法加载模块:Public

[ 2019-06-10T15:36:04+08:00 ] ::1 /Public/js/home/common.js
INFO: [ app_init ] --START--
INFO: Run Behavior\BuildLiteBehavior [ RunTime:0.000057s ]
INFO: [ app_init ] --END-- [ RunTime:0.001419s ]
ERR: 无法加载模块:Public

[ 2019-06-10T15:36:05+08:00 ] ::1 /Public/js/home/common.js
INFO: [ app_init ] --START--
INFO: Run Behavior\BuildLiteBehavior [ RunTime:0.000059s ]
INFO: [ app_init ] --END-- [ RunTime:0.001295s ]
ERR: 无法加载模块:Public

[ 2019-06-10T15:36:05+08:00 ] ::1 /Public/js/home/common.js
INFO: [ app_init ] --START--
INFO: Run Behavior\BuildLiteBehavior [ RunTime:0.000028s ]
INFO: [ app_init ] --END-- [ RunTime:0.001106s ]
ERR: 无法加载模块:Public

[ 2019-06-10T15:36:06+08:00 ] ::1 /Public/js/home/common.js
INFO: [ app_init ] --START--
INFO: Run Behavior\BuildLiteBehavior [ RunTime:0.000038s ]
INFO: [ app_init ] --END-- [ RunTime:0.000796s ]
ERR: 无法加载模块:Public

[ 2019-06-10T15:36:06+08:00 ] ::1 /Public/js/home/common.js
INFO: [ app_init ] --START--
INFO: Run Behavior\BuildLiteBehavior [ RunTime:0.000061s ]
INFO: [ app_init ] --END-- [ RunTime:0.002050s ]
ERR: 无法加载模块:Public

[ 2019-06-10T15:36:07+08:00 ] ::1 /Public/js/home/common.js
INFO: [ app_init ] --START--
INFO: Run Behavior\BuildLiteBehavior [ RunTime:0.000037s ]
INFO: [ app_init ] --END-- [ RunTime:0.000833s ]
ERR: 无法加载模块:Public

[ 2019-06-10T15:36:07+08:00 ] ::1 /Public/js/home/common.js
INFO: [ app_init ] --START--
INFO: Run Behavior\BuildLiteBehavior [ RunTime:0.000022s ]
INFO: [ app_init ] --END-- [ RunTime:0.000619s ]
ERR: 无法加载模块:Public

[ 2019-06-10T15:36:08+08:00 ] ::1 /Public/js/home/common.js
INFO: [ app_init ] --START--
INFO: Run Behavior\BuildLiteBehavior [ RunTime:0.000023s ]
INFO: [ app_init ] --END-- [ RunTime:0.000618s ]
ERR: 无法加载模块:Public

[ 2019-06-10T15:36:20+08:00 ] ::1 /Public/images/right.png
INFO: [ app_init ] --START--
INFO: Run Behavior\BuildLiteBehavior [ RunTime:0.000024s ]
INFO: [ app_init ] --END-- [ RunTime:0.000720s ]
ERR: 无法加载模块:Public

[ 2019-06-10T15:37:47+08:00 ] ::1 /Public/js/home/common.js
INFO: [ app_init ] --START--
INFO: Run Behavior\BuildLiteBehavior [ RunTime:0.000022s ]
INFO: [ app_init ] --END-- [ RunTime:0.000607s ]
ERR: 无法加载模块:Public

[ 2019-06-10T15:37:47+08:00 ] ::1 /Public/js/home/common.js
INFO: [ app_init ] --START--
INFO: Run Behavior\BuildLiteBehavior [ RunTime:0.000029s ]
INFO: [ app_init ] --END-- [ RunTime:0.000819s ]
ERR: 无法加载模块:Public

[ 2019-06-10T15:37:48+08:00 ] ::1 /Public/js/home/common.js
INFO: [ app_init ] --START--
INFO: Run Behavior\BuildLiteBehavior [ RunTime:0.000067s ]
INFO: [ app_init ] --END-- [ RunTime:0.002024s ]
ERR: 无法加载模块:Public

[ 2019-06-10T15:37:48+08:00 ] ::1 /Public/js/home/common.js
INFO: [ app_init ] --START--
INFO: Run Behavior\BuildLiteBehavior [ RunTime:0.000022s ]
INFO: [ app_init ] --END-- [ RunTime:0.000618s ]
ERR: 无法加载模块:Public

[ 2019-06-10T15:37:48+08:00 ] ::1 /Public/js/home/common.js
INFO: [ app_init ] --START--
INFO: Run Behavior\BuildLiteBehavior [ RunTime:0.000043s ]
INFO: [ app_init ] --END-- [ RunTime:0.012550s ]
ERR: 无法加载模块:Public

[ 2019-06-10T15:37:48+08:00 ] ::1 /Public/js/home/common.js
INFO: [ app_init ] --START--
INFO: Run Behavior\BuildLiteBehavior [ RunTime:0.000022s ]
INFO: [ app_init ] --END-- [ RunTime:0.000600s ]
ERR: 无法加载模块:Public

[ 2019-06-10T15:37:55+08:00 ] ::1 /Public/js/home/common.js
INFO: [ app_init ] --START--
INFO: Run Behavior\BuildLiteBehavior [ RunTime:0.000022s ]
INFO: [ app_init ] --END-- [ RunTime:0.000593s ]
ERR: 无法加载模块:Public

[ 2019-06-10T15:37:55+08:00 ] ::1 /Public/js/home/common.js
INFO: [ app_init ] --START--
INFO: Run Behavior\BuildLiteBehavior [ RunTime:0.000021s ]
INFO: [ app_init ] --END-- [ RunTime:0.000595s ]
ERR: 无法加载模块:Public

[ 2019-06-10T15:47:53+08:00 ] ::1 /Public/images/right.png
INFO: [ app_init ] --START--
INFO: Run Behavior\BuildLiteBehavior [ RunTime:0.000040s ]
INFO: [ app_init ] --END-- [ RunTime:0.001113s ]
ERR: 无法加载模块:Public

[ 2019-06-10T16:10:26+08:00 ] ::1 /Public/images/right.png
INFO: [ app_init ] --START--
INFO: Run Behavior\BuildLiteBehavior [ RunTime:0.000050s ]
INFO: [ app_init ] --END-- [ RunTime:0.002167s ]
ERR: 无法加载模块:Public

[ 2019-06-10T16:11:00+08:00 ] ::1 /Public/images/right.png
INFO: [ app_init ] --START--
INFO: Run Behavior\BuildLiteBehavior [ RunTime:0.000023s ]
INFO: [ app_init ] --END-- [ RunTime:0.000678s ]
ERR: 无法加载模块:Public

[ 2019-06-10T16:41:19+08:00 ] ::1 /Public/images/right.png
INFO: [ app_init ] --START--
INFO: Run Behavior\BuildLiteBehavior [ RunTime:0.000017s ]
INFO: [ app_init ] --END-- [ RunTime:0.000399s ]
ERR: 无法加载模块:Public

[ 2019-06-10T16:41:34+08:00 ] ::1 /Public/images/right.png
INFO: [ app_init ] --START--
INFO: Run Behavior\BuildLiteBehavior [ RunTime:0.000011s ]
INFO: [ app_init ] --END-- [ RunTime:0.000287s ]
ERR: 无法加载模块:Public

[ 2019-06-10T16:41:45+08:00 ] ::1 /Public/images/right.png
INFO: [ app_init ] --START--
INFO: Run Behavior\BuildLiteBehavior [ RunTime:0.000021s ]
INFO: [ app_init ] --END-- [ RunTime:0.000573s ]
ERR: 无法加载模块:Public

[ 2019-06-10T16:42:09+08:00 ] ::1 /Public/images/right.png
INFO: [ app_init ] --START--
INFO: Run Behavior\BuildLiteBehavior [ RunTime:0.000014s ]
INFO: [ app_init ] --END-- [ RunTime:0.000542s ]
ERR: 无法加载模块:Public

[ 2019-06-10T16:42:34+08:00 ] ::1 /Public/images/right.png
INFO: [ app_init ] --START--
INFO: Run Behavior\BuildLiteBehavior [ RunTime:0.000026s ]
INFO: [ app_init ] --END-- [ RunTime:0.000414s ]
ERR: 无法加载模块:Public

[ 2019-06-10T16:42:42+08:00 ] ::1 /Public/images/right.png
INFO: [ app_init ] --START--
INFO: Run Behavior\BuildLiteBehavior [ RunTime:0.000012s ]
INFO: [ app_init ] --END-- [ RunTime:0.000300s ]
ERR: 无法加载模块:Public

[ 2019-06-10T16:43:47+08:00 ] ::1 /Public/images/right.png
INFO: [ app_init ] --START--
INFO: Run Behavior\BuildLiteBehavior [ RunTime:0.000011s ]
INFO: [ app_init ] --END-- [ RunTime:0.000297s ]
ERR: 无法加载模块:Public

[ 2019-06-10T16:44:41+08:00 ] ::1 /Public/images/right.png
INFO: [ app_init ] --START--
INFO: Run Behavior\BuildLiteBehavior [ RunTime:0.000011s ]
INFO: [ app_init ] --END-- [ RunTime:0.000299s ]
ERR: 无法加载模块:Public

[ 2019-06-10T16:47:27+08:00 ] ::1 /Public/images/right.png
INFO: [ app_init ] --START--
INFO: Run Behavior\BuildLiteBehavior [ RunTime:0.000017s ]
INFO: [ app_init ] --END-- [ RunTime:0.000446s ]
ERR: 无法加载模块:Public

[ 2019-06-10T16:49:02+08:00 ] ::1 /Public/images/right.png
INFO: [ app_init ] --START--
INFO: Run Behavior\BuildLiteBehavior [ RunTime:0.000045s ]
INFO: [ app_init ] --END-- [ RunTime:0.001258s ]
ERR: 无法加载模块:Public

[ 2019-06-10T16:49:21+08:00 ] ::1 /Public/images/right.png
INFO: [ app_init ] --START--
INFO: Run Behavior\BuildLiteBehavior [ RunTime:0.000014s ]
INFO: [ app_init ] --END-- [ RunTime:0.000363s ]
ERR: 无法加载模块:Public

[ 2019-06-10T16:49:44+08:00 ] ::1 /Public/images/right.png
INFO: [ app_init ] --START--
INFO: Run Behavior\BuildLiteBehavior [ RunTime:0.000013s ]
INFO: [ app_init ] --END-- [ RunTime:0.000358s ]
ERR: 无法加载模块:Public

[ 2019-06-10T16:51:35+08:00 ] ::1 /Public/images/right.png
INFO: [ app_init ] --START--
INFO: Run Behavior\BuildLiteBehavior [ RunTime:0.000012s ]
INFO: [ app_init ] --END-- [ RunTime:0.000321s ]
ERR: 无法加载模块:Public

[ 2019-06-10T16:52:08+08:00 ] ::1 /undefined
INFO: [ app_init ] --START--
INFO: Run Behavior\BuildLiteBehavior [ RunTime:0.000029s ]
INFO: [ app_init ] --END-- [ RunTime:0.001081s ]
ERR: 无法加载模块:Undefined

[ 2019-06-10T16:52:18+08:00 ] ::1 /Public/images/right.png
INFO: [ app_init ] --START--
INFO: Run Behavior\BuildLiteBehavior [ RunTime:0.000015s ]
INFO: [ app_init ] --END-- [ RunTime:0.000420s ]
ERR: 无法加载模块:Public

[ 2019-06-10T16:52:23+08:00 ] ::1 /undefined
INFO: [ app_init ] --START--
INFO: Run Behavior\BuildLiteBehavior [ RunTime:0.000011s ]
INFO: [ app_init ] --END-- [ RunTime:0.000346s ]
ERR: 无法加载模块:Undefined

[ 2019-06-10T16:52:29+08:00 ] ::1 /undefined
INFO: [ app_init ] --START--
INFO: Run Behavior\BuildLiteBehavior [ RunTime:0.000012s ]
INFO: [ app_init ] --END-- [ RunTime:0.000320s ]
ERR: 无法加载模块:Undefined

[ 2019-06-10T16:55:51+08:00 ] ::1 /Public/images/right.png
INFO: [ app_init ] --START--
INFO: Run Behavior\BuildLiteBehavior [ RunTime:0.000021s ]
INFO: [ app_init ] --END-- [ RunTime:0.000516s ]
ERR: 无法加载模块:Public

[ 2019-06-10T16:58:58+08:00 ] ::1 /Public/images/right.png
INFO: [ app_init ] --START--
INFO: Run Behavior\BuildLiteBehavior [ RunTime:0.000023s ]
INFO: [ app_init ] --END-- [ RunTime:0.000582s ]
ERR: 无法加载模块:Public

[ 2019-06-10T17:00:38+08:00 ] ::1 /Public/images/right.png
INFO: [ app_init ] --START--
INFO: Run Behavior\BuildLiteBehavior [ RunTime:0.000041s ]
INFO: [ app_init ] --END-- [ RunTime:0.001080s ]
ERR: 无法加载模块:Public

[ 2019-06-10T17:11:07+08:00 ] ::1 /Public/images/right.png
INFO: [ app_init ] --START--
INFO: Run Behavior\BuildLiteBehavior [ RunTime:0.000014s ]
INFO: [ app_init ] --END-- [ RunTime:0.000479s ]
ERR: 无法加载模块:Public

[ 2019-06-10T17:11:58+08:00 ] ::1 /Public/js/home/common.js
INFO: [ app_init ] --START--
INFO: Run Behavior\BuildLiteBehavior [ RunTime:0.000013s ]
INFO: [ app_init ] --END-- [ RunTime:0.000314s ]
ERR: 无法加载模块:Public

[ 2019-06-10T17:11:58+08:00 ] ::1 /Public/js/home/common.js
INFO: [ app_init ] --START--
INFO: Run Behavior\BuildLiteBehavior [ RunTime:0.000033s ]
INFO: [ app_init ] --END-- [ RunTime:0.000573s ]
ERR: 无法加载模块:Public

[ 2019-06-10T17:11:59+08:00 ] ::1 /Public/js/home/common.js
INFO: [ app_init ] --START--
INFO: Run Behavior\BuildLiteBehavior [ RunTime:0.000012s ]
INFO: [ app_init ] --END-- [ RunTime:0.000385s ]
ERR: 无法加载模块:Public

[ 2019-06-10T17:11:59+08:00 ] ::1 /Public/js/home/common.js
INFO: [ app_init ] --START--
INFO: Run Behavior\BuildLiteBehavior [ RunTime:0.000092s ]
INFO: [ app_init ] --END-- [ RunTime:0.000782s ]
ERR: 无法加载模块:Public

[ 2019-06-10T17:11:59+08:00 ] ::1 /Public/js/home/common.js
INFO: [ app_init ] --START--
INFO: Run Behavior\BuildLiteBehavior [ RunTime:0.000013s ]
INFO: [ app_init ] --END-- [ RunTime:0.000342s ]
ERR: 无法加载模块:Public

[ 2019-06-10T17:11:59+08:00 ] ::1 /Public/js/home/common.js
INFO: [ app_init ] --START--
INFO: Run Behavior\BuildLiteBehavior [ RunTime:0.000011s ]
INFO: [ app_init ] --END-- [ RunTime:0.000299s ]
ERR: 无法加载模块:Public

[ 2019-06-10T17:12:00+08:00 ] ::1 /Public/js/home/common.js
INFO: [ app_init ] --START--
INFO: Run Behavior\BuildLiteBehavior [ RunTime:0.000014s ]
INFO: [ app_init ] --END-- [ RunTime:0.000442s ]
ERR: 无法加载模块:Public

[ 2019-06-10T17:12:00+08:00 ] ::1 /Public/js/home/common.js
INFO: [ app_init ] --START--
INFO: Run Behavior\BuildLiteBehavior [ RunTime:0.000014s ]
INFO: [ app_init ] --END-- [ RunTime:0.000593s ]
ERR: 无法加载模块:Public

[ 2019-06-10T17:12:01+08:00 ] ::1 /Public/js/home/common.js
INFO: [ app_init ] --START--
INFO: Run Behavior\BuildLiteBehavior [ RunTime:0.000011s ]
INFO: [ app_init ] --END-- [ RunTime:0.000314s ]
ERR: 无法加载模块:Public

[ 2019-06-10T17:12:01+08:00 ] ::1 /Public/js/home/common.js
INFO: [ app_init ] --START--
INFO: Run Behavior\BuildLiteBehavior [ RunTime:0.000012s ]
INFO: [ app_init ] --END-- [ RunTime:0.000296s ]
ERR: 无法加载模块:Public

[ 2019-06-10T17:12:01+08:00 ] ::1 /Public/js/home/common.js
INFO: [ app_init ] --START--
INFO: Run Behavior\BuildLiteBehavior [ RunTime:0.000011s ]
INFO: [ app_init ] --END-- [ RunTime:0.000400s ]
ERR: 无法加载模块:Public

[ 2019-06-10T17:12:01+08:00 ] ::1 /Public/js/home/common.js
INFO: [ app_init ] --START--
INFO: Run Behavior\BuildLiteBehavior [ RunTime:0.000011s ]
INFO: [ app_init ] --END-- [ RunTime:0.000317s ]
ERR: 无法加载模块:Public

[ 2019-06-10T17:12:02+08:00 ] ::1 /Public/js/home/common.js
INFO: [ app_init ] --START--
INFO: Run Behavior\BuildLiteBehavior [ RunTime:0.000033s ]
INFO: [ app_init ] --END-- [ RunTime:0.000425s ]
ERR: 无法加载模块:Public

[ 2019-06-10T17:12:02+08:00 ] ::1 /Public/js/home/common.js
INFO: [ app_init ] --START--
INFO: Run Behavior\BuildLiteBehavior [ RunTime:0.000034s ]
INFO: [ app_init ] --END-- [ RunTime:0.000416s ]
ERR: 无法加载模块:Public

[ 2019-06-10T17:12:02+08:00 ] ::1 /Public/js/home/common.js
INFO: [ app_init ] --START--
INFO: Run Behavior\BuildLiteBehavior [ RunTime:0.000017s ]
INFO: [ app_init ] --END-- [ RunTime:0.000524s ]
ERR: 无法加载模块:Public

[ 2019-06-10T17:12:02+08:00 ] ::1 /Public/js/home/common.js
INFO: [ app_init ] --START--
INFO: Run Behavior\BuildLiteBehavior [ RunTime:0.000013s ]
INFO: [ app_init ] --END-- [ RunTime:0.000327s ]
ERR: 无法加载模块:Public

[ 2019-06-10T17:12:03+08:00 ] ::1 /Public/js/home/common.js
INFO: [ app_init ] --START--
INFO: Run Behavior\BuildLiteBehavior [ RunTime:0.000027s ]
INFO: [ app_init ] --END-- [ RunTime:0.000506s ]
ERR: 无法加载模块:Public

[ 2019-06-10T17:12:03+08:00 ] ::1 /Public/js/home/common.js
INFO: [ app_init ] --START--
INFO: Run Behavior\BuildLiteBehavior [ RunTime:0.000011s ]
INFO: [ app_init ] --END-- [ RunTime:0.000292s ]
ERR: 无法加载模块:Public

[ 2019-06-10T17:12:04+08:00 ] ::1 /Public/js/home/common.js
INFO: [ app_init ] --START--
INFO: Run Behavior\BuildLiteBehavior [ RunTime:0.000022s ]
INFO: [ app_init ] --END-- [ RunTime:0.000666s ]
ERR: 无法加载模块:Public

[ 2019-06-10T17:12:04+08:00 ] ::1 /Public/js/home/common.js
INFO: [ app_init ] --START--
INFO: Run Behavior\BuildLiteBehavior [ RunTime:0.000011s ]
INFO: [ app_init ] --END-- [ RunTime:0.000289s ]
ERR: 无法加载模块:Public

[ 2019-06-10T17:12:04+08:00 ] ::1 /Public/js/home/common.js
INFO: [ app_init ] --START--
INFO: Run Behavior\BuildLiteBehavior [ RunTime:0.000012s ]
INFO: [ app_init ] --END-- [ RunTime:0.000292s ]
ERR: 无法加载模块:Public

[ 2019-06-10T17:12:04+08:00 ] ::1 /Public/js/home/common.js
INFO: [ app_init ] --START--
INFO: Run Behavior\BuildLiteBehavior [ RunTime:0.000011s ]
INFO: [ app_init ] --END-- [ RunTime:0.000293s ]
ERR: 无法加载模块:Public

[ 2019-06-10T17:12:05+08:00 ] ::1 /Public/js/home/common.js
INFO: [ app_init ] --START--
INFO: Run Behavior\BuildLiteBehavior [ RunTime:0.000060s ]
INFO: [ app_init ] --END-- [ RunTime:0.001320s ]
ERR: 无法加载模块:Public

[ 2019-06-10T17:12:05+08:00 ] ::1 /Public/js/home/common.js
INFO: [ app_init ] --START--
INFO: Run Behavior\BuildLiteBehavior [ RunTime:0.000011s ]
INFO: [ app_init ] --END-- [ RunTime:0.000287s ]
ERR: 无法加载模块:Public

[ 2019-06-10T17:12:05+08:00 ] ::1 /Public/js/home/common.js
INFO: [ app_init ] --START--
INFO: Run Behavior\BuildLiteBehavior [ RunTime:0.000045s ]
INFO: [ app_init ] --END-- [ RunTime:0.000529s ]
ERR: 无法加载模块:Public

[ 2019-06-10T17:12:05+08:00 ] ::1 /Public/js/home/common.js
INFO: [ app_init ] --START--
INFO: Run Behavior\BuildLiteBehavior [ RunTime:0.000012s ]
INFO: [ app_init ] --END-- [ RunTime:0.000308s ]
ERR: 无法加载模块:Public

[ 2019-06-10T17:13:18+08:00 ] ::1 /Public/js/home/common.js
INFO: [ app_init ] --START--
INFO: Run Behavior\BuildLiteBehavior [ RunTime:0.000011s ]
INFO: [ app_init ] --END-- [ RunTime:0.000296s ]
ERR: 无法加载模块:Public

[ 2019-06-10T17:13:18+08:00 ] ::1 /Public/js/home/common.js
INFO: [ app_init ] --START--
INFO: Run Behavior\BuildLiteBehavior [ RunTime:0.000011s ]
INFO: [ app_init ] --END-- [ RunTime:0.000285s ]
ERR: 无法加载模块:Public

[ 2019-06-10T22:06:49+08:00 ] ::1 /Public/images/right.png
INFO: [ app_init ] --START--
INFO: Run Behavior\BuildLiteBehavior [ RunTime:0.000013s ]
INFO: [ app_init ] --END-- [ RunTime:0.000330s ]
ERR: 无法加载模块:Public

[ 2019-06-10T22:15:18+08:00 ] ::1 /Public/images/right.png
INFO: [ app_init ] --START--
INFO: Run Behavior\BuildLiteBehavior [ RunTime:0.000025s ]
INFO: [ app_init ] --END-- [ RunTime:0.000681s ]
ERR: 无法加载模块:Public

[ 2019-06-10T22:15:34+08:00 ] ::1 /favicon.ico
INFO: [ app_init ] --START--
INFO: Run Behavior\BuildLiteBehavior [ RunTime:0.000017s ]
INFO: [ app_init ] --END-- [ RunTime:0.000471s ]
ERR: 无法加载模块:Favicon

[ 2019-06-10T22:16:04+08:00 ] ::1 /Public/images/right.png
INFO: [ app_init ] --START--
INFO: Run Behavior\BuildLiteBehavior [ RunTime:0.000017s ]
INFO: [ app_init ] --END-- [ RunTime:0.000355s ]
ERR: 无法加载模块:Public

[ 2019-06-10T22:36:11+08:00 ] ::1 /Public/images/right.png
INFO: [ app_init ] --START--
INFO: Run Behavior\BuildLiteBehavior [ RunTime:0.000026s ]
INFO: [ app_init ] --END-- [ RunTime:0.000729s ]
ERR: 无法加载模块:Public

[ 2019-06-10T22:41:26+08:00 ] ::1 /Public/js/home/common.js
INFO: [ app_init ] --START--
INFO: Run Behavior\BuildLiteBehavior [ RunTime:0.000012s ]
INFO: [ app_init ] --END-- [ RunTime:0.000328s ]
ERR: 无法加载模块:Public

[ 2019-06-10T22:41:26+08:00 ] ::1 /Public/js/home/common.js
INFO: [ app_init ] --START--
INFO: Run Behavior\BuildLiteBehavior [ RunTime:0.000014s ]
INFO: [ app_init ] --END-- [ RunTime:0.000624s ]
ERR: 无法加载模块:Public

[ 2019-06-10T22:41:27+08:00 ] ::1 /Public/js/home/common.js
INFO: [ app_init ] --START--
INFO: Run Behavior\BuildLiteBehavior [ RunTime:0.000011s ]
INFO: [ app_init ] --END-- [ RunTime:0.000407s ]
ERR: 无法加载模块:Public

[ 2019-06-10T22:41:27+08:00 ] ::1 /Public/js/home/common.js
INFO: [ app_init ] --START--
INFO: Run Behavior\BuildLiteBehavior [ RunTime:0.000011s ]
INFO: [ app_init ] --END-- [ RunTime:0.000296s ]
ERR: 无法加载模块:Public

[ 2019-06-10T22:41:27+08:00 ] ::1 /Public/js/home/common.js
INFO: [ app_init ] --START--
INFO: Run Behavior\BuildLiteBehavior [ RunTime:0.000012s ]
INFO: [ app_init ] --END-- [ RunTime:0.000296s ]
ERR: 无法加载模块:Public

[ 2019-06-10T22:41:28+08:00 ] ::1 /Public/js/home/common.js
INFO: [ app_init ] --START--
INFO: Run Behavior\BuildLiteBehavior [ RunTime:0.000011s ]
INFO: [ app_init ] --END-- [ RunTime:0.000290s ]
ERR: 无法加载模块:Public

[ 2019-06-10T22:41:28+08:00 ] ::1 /Public/js/home/common.js
INFO: [ app_init ] --START--
INFO: Run Behavior\BuildLiteBehavior [ RunTime:0.000025s ]
INFO: [ app_init ] --END-- [ RunTime:0.000327s ]
ERR: 无法加载模块:Public

[ 2019-06-10T22:41:28+08:00 ] ::1 /Public/js/home/common.js
INFO: [ app_init ] --START--
INFO: Run Behavior\BuildLiteBehavior [ RunTime:0.000012s ]
INFO: [ app_init ] --END-- [ RunTime:0.000294s ]
ERR: 无法加载模块:Public

[ 2019-06-10T22:41:29+08:00 ] ::1 /Public/js/home/common.js
INFO: [ app_init ] --START--
INFO: Run Behavior\BuildLiteBehavior [ RunTime:0.000012s ]
INFO: [ app_init ] --END-- [ RunTime:0.000348s ]
ERR: 无法加载模块:Public

[ 2019-06-10T22:41:29+08:00 ] ::1 /Public/js/home/common.js
INFO: [ app_init ] --START--
INFO: Run Behavior\BuildLiteBehavior [ RunTime:0.000012s ]
INFO: [ app_init ] --END-- [ RunTime:0.000337s ]
ERR: 无法加载模块:Public

[ 2019-06-10T22:41:30+08:00 ] ::1 /Public/js/home/common.js
INFO: [ app_init ] --START--
INFO: Run Behavior\BuildLiteBehavior [ RunTime:0.000011s ]
INFO: [ app_init ] --END-- [ RunTime:0.000323s ]
ERR: 无法加载模块:Public

[ 2019-06-10T22:41:30+08:00 ] ::1 /Public/js/home/common.js
INFO: [ app_init ] --START--
INFO: Run Behavior\BuildLiteBehavior [ RunTime:0.000011s ]
INFO: [ app_init ] --END-- [ RunTime:0.000294s ]
ERR: 无法加载模块:Public

[ 2019-06-10T22:41:30+08:00 ] ::1 /Public/js/home/common.js
INFO: [ app_init ] --START--
INFO: Run Behavior\BuildLiteBehavior [ RunTime:0.000033s ]
INFO: [ app_init ] --END-- [ RunTime:0.000632s ]
ERR: 无法加载模块:Public

[ 2019-06-10T22:41:30+08:00 ] ::1 /Public/js/home/common.js
INFO: [ app_init ] --START--
INFO: Run Behavior\BuildLiteBehavior [ RunTime:0.000010s ]
INFO: [ app_init ] --END-- [ RunTime:0.000287s ]
ERR: 无法加载模块:Public

[ 2019-06-10T22:42:25+08:00 ] ::1 /Public/images/right.png
INFO: [ app_init ] --START--
INFO: Run Behavior\BuildLiteBehavior [ RunTime:0.000024s ]
INFO: [ app_init ] --END-- [ RunTime:0.000547s ]
ERR: 无法加载模块:Public

