[ 2019-05-21T00:12:41+08:00 ] ::1 /admin.php?c=menu&a=add
INFO: [ app_init ] --START--
INFO: Run Behavior\BuildLiteBehavior [ RunTime:0.000011s ]
INFO: [ app_init ] --END-- [ RunTime:0.000327s ]
INFO: [ app_begin ] --START--
INFO: Run Behavior\ReadHtmlCacheBehavior [ RunTime:0.000700s ]
INFO: [ app_begin ] --END-- [ RunTime:0.000738s ]
INFO: [ view_parse ] --START--
INFO: [ template_filter ] --START--
INFO: Run Behavior\ContentReplaceBehavior [ RunTime:0.000044s ]
INFO: [ template_filter ] --END-- [ RunTime:0.000078s ]
NOTIC: [2048] Declaration of Common\Model\BasicModel::save() should be compatible with Think\Model::save($data = '', $options = Array) C:\phpStudy\PHPTutorial\WWW\tp3.2\Application\Common\Model\BasicModel.class.php 第 6 行.
NOTIC: [2048] Declaration of Common\Model\BasicModel::select() should be compatible with Think\Model::select($options = Array) C:\phpStudy\PHPTutorial\WWW\tp3.2\Application\Common\Model\BasicModel.class.php 第 6 行.
NOTIC: [2048] Declaration of Common\Model\MenuModel::find() should be compatible with Think\Model::find($options = Array) C:\phpStudy\PHPTutorial\WWW\tp3.2\Application\Common\Model\MenuModel.class.php 第 104 行.
SQL: SHOW COLUMNS FROM `cms_menu` [ RunTime:0.0272s ]
SQL: SELECT * FROM `cms_menu` WHERE `status` = 1 AND `type` = 1 ORDER BY listorder desc,menu_id desc  [ RunTime:0.0004s ]
NOTIC: [8] Undefined index: adminUser C:\phpStudy\PHPTutorial\WWW\tp3.2\Application\Common\Common\function.php 第 56 行.
NOTIC: [8] Undefined index: a C:\phpStudy\PHPTutorial\WWW\tp3.2\Application\Common\Common\function.php 第 35 行.
NOTIC: [8] Undefined index: a C:\phpStudy\PHPTutorial\WWW\tp3.2\Application\Common\Common\function.php 第 35 行.
NOTIC: [8] Undefined index: a C:\phpStudy\PHPTutorial\WWW\tp3.2\Application\Common\Common\function.php 第 35 行.
NOTIC: [8] Undefined index: a C:\phpStudy\PHPTutorial\WWW\tp3.2\Application\Common\Common\function.php 第 35 行.
NOTIC: [8] Undefined index: a C:\phpStudy\PHPTutorial\WWW\tp3.2\Application\Common\Common\function.php 第 35 行.
NOTIC: [8] Undefined index: a C:\phpStudy\PHPTutorial\WWW\tp3.2\Application\Common\Common\function.php 第 35 行.
NOTIC: [8] Undefined variable: menus C:\phpStudy\PHPTutorial\WWW\tp3.2\Application\Runtime\Cache\Admin\31553d7bb41170a30982ff9dddd5d67e.php 第 128 行.
INFO: Run Behavior\ParseTemplateBehavior [ RunTime:0.076233s ]
INFO: [ view_parse ] --END-- [ RunTime:0.076286s ]
INFO: [ view_filter ] --START--
INFO: Run Behavior\WriteHtmlCacheBehavior [ RunTime:0.000680s ]
INFO: [ view_filter ] --END-- [ RunTime:0.000709s ]
INFO: [ app_end ] --START--
INFO: Run Behavior\ShowPageTraceBehavior [ RunTime:0.000942s ]
INFO: [ app_end ] --END-- [ RunTime:0.000974s ]

[ 2019-05-21T00:12:46+08:00 ] ::1 /admin.php?c=menu&a=add
INFO: [ app_init ] --START--
INFO: Run Behavior\BuildLiteBehavior [ RunTime:0.000060s ]
INFO: [ app_init ] --END-- [ RunTime:0.000670s ]
INFO: [ app_begin ] --START--
INFO: Run Behavior\ReadHtmlCacheBehavior [ RunTime:0.000617s ]
INFO: [ app_begin ] --END-- [ RunTime:0.000659s ]
NOTIC: [2] Missing argument 3 for show(), called in C:\phpStudy\PHPTutorial\WWW\tp3.2\Application\Admin\Controller\MenuController.class.php on line 10 and defined C:\phpStudy\PHPTutorial\WWW\tp3.2\Application\Common\Common\function.php 第 6 行.
NOTIC: [8] Undefined variable: data C:\phpStudy\PHPTutorial\WWW\tp3.2\Application\Common\Common\function.php 第 10 行.

[ 2019-05-21T00:13:02+08:00 ] ::1 /admin.php?c=menu&a=add
INFO: [ app_init ] --START--
INFO: Run Behavior\BuildLiteBehavior [ RunTime:0.000023s ]
INFO: [ app_init ] --END-- [ RunTime:0.000486s ]
INFO: [ app_begin ] --START--
INFO: Run Behavior\ReadHtmlCacheBehavior [ RunTime:0.000673s ]
INFO: [ app_begin ] --END-- [ RunTime:0.000742s ]
NOTIC: [2] Missing argument 3 for show(), called in C:\phpStudy\PHPTutorial\WWW\tp3.2\Application\Admin\Controller\MenuController.class.php on line 10 and defined C:\phpStudy\PHPTutorial\WWW\tp3.2\Application\Common\Common\function.php 第 6 行.
NOTIC: [8] Undefined variable: data C:\phpStudy\PHPTutorial\WWW\tp3.2\Application\Common\Common\function.php 第 10 行.

[ 2019-05-21T00:15:48+08:00 ] ::1 /admin.php?c=menu&a=add
INFO: [ app_init ] --START--
INFO: Run Behavior\BuildLiteBehavior [ RunTime:0.000012s ]
INFO: [ app_init ] --END-- [ RunTime:0.000392s ]
INFO: [ app_begin ] --START--
INFO: Run Behavior\ReadHtmlCacheBehavior [ RunTime:0.000702s ]
INFO: [ app_begin ] --END-- [ RunTime:0.000743s ]
NOTIC: [2] Missing argument 3 for show(), called in C:\phpStudy\PHPTutorial\WWW\tp3.2\Application\Admin\Controller\MenuController.class.php on line 10 and defined C:\phpStudy\PHPTutorial\WWW\tp3.2\Application\Common\Common\function.php 第 6 行.
NOTIC: [8] Undefined variable: data C:\phpStudy\PHPTutorial\WWW\tp3.2\Application\Common\Common\function.php 第 10 行.

[ 2019-05-21T00:21:55+08:00 ] ::1 /admin.php?c=menu&a=add
INFO: [ app_init ] --START--
INFO: Run Behavior\BuildLiteBehavior [ RunTime:0.000014s ]
INFO: [ app_init ] --END-- [ RunTime:0.000357s ]
INFO: [ app_begin ] --START--
INFO: Run Behavior\ReadHtmlCacheBehavior [ RunTime:0.001141s ]
INFO: [ app_begin ] --END-- [ RunTime:0.001289s ]
NOTIC: [2] Missing argument 3 for show(), called in C:\phpStudy\PHPTutorial\WWW\tp3.2\Application\Admin\Controller\MenuController.class.php on line 10 and defined C:\phpStudy\PHPTutorial\WWW\tp3.2\Application\Common\Common\function.php 第 6 行.
NOTIC: [8] Undefined variable: data C:\phpStudy\PHPTutorial\WWW\tp3.2\Application\Common\Common\function.php 第 10 行.

[ 2019-05-21T00:31:18+08:00 ] ::1 /admin.php?c=user
INFO: [ app_init ] --START--
INFO: Run Behavior\BuildLiteBehavior [ RunTime:0.000012s ]
INFO: [ app_init ] --END-- [ RunTime:0.000330s ]
INFO: [ app_begin ] --START--
INFO: Run Behavior\ReadHtmlCacheBehavior [ RunTime:0.000852s ]
INFO: [ app_begin ] --END-- [ RunTime:0.000908s ]
ERR: 无法加载控制器:User

[ 2019-05-21T00:31:20+08:00 ] ::1 /admin.php?c=menu&a=add
INFO: [ app_init ] --START--
INFO: Run Behavior\BuildLiteBehavior [ RunTime:0.000011s ]
INFO: [ app_init ] --END-- [ RunTime:0.000292s ]
INFO: [ app_begin ] --START--
INFO: Run Behavior\ReadHtmlCacheBehavior [ RunTime:0.000570s ]
INFO: [ app_begin ] --END-- [ RunTime:0.000608s ]
INFO: [ view_parse ] --START--
INFO: [ template_filter ] --START--
INFO: Run Behavior\ContentReplaceBehavior [ RunTime:0.000042s ]
INFO: [ template_filter ] --END-- [ RunTime:0.000077s ]
NOTIC: [2048] Declaration of Common\Model\BasicModel::save() should be compatible with Think\Model::save($data = '', $options = Array) C:\phpStudy\PHPTutorial\WWW\tp3.2\Application\Common\Model\BasicModel.class.php 第 6 行.
NOTIC: [2048] Declaration of Common\Model\BasicModel::select() should be compatible with Think\Model::select($options = Array) C:\phpStudy\PHPTutorial\WWW\tp3.2\Application\Common\Model\BasicModel.class.php 第 6 行.
NOTIC: [2048] Declaration of Common\Model\MenuModel::find() should be compatible with Think\Model::find($options = Array) C:\phpStudy\PHPTutorial\WWW\tp3.2\Application\Common\Model\MenuModel.class.php 第 104 行.
SQL: SHOW COLUMNS FROM `cms_menu` [ RunTime:0.0233s ]
SQL: SELECT * FROM `cms_menu` WHERE `status` = 1 AND `type` = 1 ORDER BY listorder desc,menu_id desc  [ RunTime:0.0003s ]
NOTIC: [8] Undefined index: adminUser C:\phpStudy\PHPTutorial\WWW\tp3.2\Application\Common\Common\function.php 第 56 行.
NOTIC: [8] Undefined index: a C:\phpStudy\PHPTutorial\WWW\tp3.2\Application\Common\Common\function.php 第 35 行.
NOTIC: [8] Undefined index: a C:\phpStudy\PHPTutorial\WWW\tp3.2\Application\Common\Common\function.php 第 35 行.
NOTIC: [8] Undefined index: a C:\phpStudy\PHPTutorial\WWW\tp3.2\Application\Common\Common\function.php 第 35 行.
NOTIC: [8] Undefined index: a C:\phpStudy\PHPTutorial\WWW\tp3.2\Application\Common\Common\function.php 第 35 行.
NOTIC: [8] Undefined index: a C:\phpStudy\PHPTutorial\WWW\tp3.2\Application\Common\Common\function.php 第 35 行.
NOTIC: [8] Undefined index: a C:\phpStudy\PHPTutorial\WWW\tp3.2\Application\Common\Common\function.php 第 35 行.
NOTIC: [8] Undefined variable: menus C:\phpStudy\PHPTutorial\WWW\tp3.2\Application\Runtime\Cache\Admin\31553d7bb41170a30982ff9dddd5d67e.php 第 128 行.
INFO: Run Behavior\ParseTemplateBehavior [ RunTime:0.075037s ]
INFO: [ view_parse ] --END-- [ RunTime:0.075104s ]
INFO: [ view_filter ] --START--
INFO: Run Behavior\WriteHtmlCacheBehavior [ RunTime:0.000560s ]
INFO: [ view_filter ] --END-- [ RunTime:0.000587s ]
INFO: [ app_end ] --START--
INFO: Run Behavior\ShowPageTraceBehavior [ RunTime:0.001573s ]
INFO: [ app_end ] --END-- [ RunTime:0.001627s ]

[ 2019-05-21T00:31:28+08:00 ] ::1 /admin.php?c=menu&a=add
INFO: [ app_init ] --START--
INFO: Run Behavior\BuildLiteBehavior [ RunTime:0.000011s ]
INFO: [ app_init ] --END-- [ RunTime:0.000289s ]
INFO: [ app_begin ] --START--
INFO: Run Behavior\ReadHtmlCacheBehavior [ RunTime:0.000562s ]
INFO: [ app_begin ] --END-- [ RunTime:0.000600s ]
INFO: [ view_parse ] --START--
INFO: [ template_filter ] --START--
INFO: Run Behavior\ContentReplaceBehavior [ RunTime:0.000040s ]
INFO: [ template_filter ] --END-- [ RunTime:0.000074s ]
NOTIC: [2048] Declaration of Common\Model\BasicModel::save() should be compatible with Think\Model::save($data = '', $options = Array) C:\phpStudy\PHPTutorial\WWW\tp3.2\Application\Common\Model\BasicModel.class.php 第 6 行.
NOTIC: [2048] Declaration of Common\Model\BasicModel::select() should be compatible with Think\Model::select($options = Array) C:\phpStudy\PHPTutorial\WWW\tp3.2\Application\Common\Model\BasicModel.class.php 第 6 行.
NOTIC: [2048] Declaration of Common\Model\MenuModel::find() should be compatible with Think\Model::find($options = Array) C:\phpStudy\PHPTutorial\WWW\tp3.2\Application\Common\Model\MenuModel.class.php 第 104 行.
SQL: SHOW COLUMNS FROM `cms_menu` [ RunTime:0.0250s ]
SQL: SELECT * FROM `cms_menu` WHERE `status` = 1 AND `type` = 1 ORDER BY listorder desc,menu_id desc  [ RunTime:0.0003s ]
NOTIC: [8] Undefined index: adminUser C:\phpStudy\PHPTutorial\WWW\tp3.2\Application\Common\Common\function.php 第 56 行.
NOTIC: [8] Undefined index: a C:\phpStudy\PHPTutorial\WWW\tp3.2\Application\Common\Common\function.php 第 35 行.
NOTIC: [8] Undefined index: a C:\phpStudy\PHPTutorial\WWW\tp3.2\Application\Common\Common\function.php 第 35 行.
NOTIC: [8] Undefined index: a C:\phpStudy\PHPTutorial\WWW\tp3.2\Application\Common\Common\function.php 第 35 行.
NOTIC: [8] Undefined index: a C:\phpStudy\PHPTutorial\WWW\tp3.2\Application\Common\Common\function.php 第 35 行.
NOTIC: [8] Undefined index: a C:\phpStudy\PHPTutorial\WWW\tp3.2\Application\Common\Common\function.php 第 35 行.
NOTIC: [8] Undefined index: a C:\phpStudy\PHPTutorial\WWW\tp3.2\Application\Common\Common\function.php 第 35 行.
NOTIC: [8] Undefined variable: menus C:\phpStudy\PHPTutorial\WWW\tp3.2\Application\Runtime\Cache\Admin\31553d7bb41170a30982ff9dddd5d67e.php 第 128 行.
INFO: Run Behavior\ParseTemplateBehavior [ RunTime:0.078675s ]
INFO: [ view_parse ] --END-- [ RunTime:0.078705s ]
INFO: [ view_filter ] --START--
INFO: Run Behavior\WriteHtmlCacheBehavior [ RunTime:0.000577s ]
INFO: [ view_filter ] --END-- [ RunTime:0.000605s ]
INFO: [ app_end ] --START--
INFO: Run Behavior\ShowPageTraceBehavior [ RunTime:0.000716s ]
INFO: [ app_end ] --END-- [ RunTime:0.000746s ]

[ 2019-05-21T00:31:40+08:00 ] ::1 /admin.php
INFO: [ app_init ] --START--
INFO: Run Behavior\BuildLiteBehavior [ RunTime:0.000012s ]
INFO: [ app_init ] --END-- [ RunTime:0.000369s ]
INFO: [ app_begin ] --START--
INFO: Run Behavior\ReadHtmlCacheBehavior [ RunTime:0.000664s ]
INFO: [ app_begin ] --END-- [ RunTime:0.000710s ]
NOTIC: [8] Undefined variable: module C:\phpStudy\PHPTutorial\WWW\tp3.2\ThinkPHP\Common\functions.php 第 990 行.
NOTIC: [8] Undefined variable: var C:\phpStudy\PHPTutorial\WWW\tp3.2\ThinkPHP\Common\functions.php 第 990 行.
NOTIC: [2] array_reverse() expects parameter 1 to be array, null given C:\phpStudy\PHPTutorial\WWW\tp3.2\ThinkPHP\Common\functions.php 第 990 行.
NOTIC: [2] http_build_query(): Parameter 1 expected to be Array or Object.  Incorrect value given C:\phpStudy\PHPTutorial\WWW\tp3.2\ThinkPHP\Common\functions.php 第 990 行.

[ 2019-05-21T00:31:40+08:00 ] ::1 /admin.php?m=&&c=login
INFO: [ app_init ] --START--
INFO: Run Behavior\BuildLiteBehavior [ RunTime:0.000026s ]
INFO: [ app_init ] --END-- [ RunTime:0.000353s ]
INFO: [ app_begin ] --START--
INFO: Run Behavior\ReadHtmlCacheBehavior [ RunTime:0.000546s ]
INFO: [ app_begin ] --END-- [ RunTime:0.000583s ]
INFO: [ view_parse ] --START--
INFO: [ template_filter ] --START--
INFO: Run Behavior\ContentReplaceBehavior [ RunTime:0.000026s ]
INFO: [ template_filter ] --END-- [ RunTime:0.000061s ]
INFO: Run Behavior\ParseTemplateBehavior [ RunTime:0.012599s ]
INFO: [ view_parse ] --END-- [ RunTime:0.012644s ]
INFO: [ view_filter ] --START--
INFO: Run Behavior\WriteHtmlCacheBehavior [ RunTime:0.000527s ]
INFO: [ view_filter ] --END-- [ RunTime:0.000555s ]
INFO: [ app_end ] --START--
INFO: Run Behavior\ShowPageTraceBehavior [ RunTime:0.000934s ]
INFO: [ app_end ] --END-- [ RunTime:0.000965s ]

[ 2019-05-21T00:31:46+08:00 ] ::1 /admin.php?c=login&a=check
INFO: [ app_init ] --START--
INFO: Run Behavior\BuildLiteBehavior [ RunTime:0.000010s ]
INFO: [ app_init ] --END-- [ RunTime:0.000321s ]
INFO: [ app_begin ] --START--
INFO: Run Behavior\ReadHtmlCacheBehavior [ RunTime:0.000558s ]
INFO: [ app_begin ] --END-- [ RunTime:0.000593s ]
SQL: SHOW COLUMNS FROM `cms_admin` [ RunTime:0.0350s ]
SQL: SELECT * FROM `cms_admin` WHERE ( user_name="beibei" ) LIMIT 1   [ RunTime:0.0003s ]
SQL: UPDATE `cms_admin` SET `last_login_time`='1558369906' WHERE ( admin_id=2 ) [ RunTime:0.0003s ]
NOTIC: [2] Missing argument 3 for show(), called in C:\phpStudy\PHPTutorial\WWW\tp3.2\Application\Admin\Controller\LoginController.class.php on line 39 and defined C:\phpStudy\PHPTutorial\WWW\tp3.2\Application\Common\Common\function.php 第 6 行.
NOTIC: [8] Undefined variable: data C:\phpStudy\PHPTutorial\WWW\tp3.2\Application\Common\Common\function.php 第 10 行.

[ 2019-05-21T00:31:47+08:00 ] ::1 /admin.php?c=index
INFO: [ app_init ] --START--
INFO: Run Behavior\BuildLiteBehavior [ RunTime:0.000012s ]
INFO: [ app_init ] --END-- [ RunTime:0.000287s ]
INFO: [ app_begin ] --START--
INFO: Run Behavior\ReadHtmlCacheBehavior [ RunTime:0.002144s ]
INFO: [ app_begin ] --END-- [ RunTime:0.002240s ]
NOTIC: [2048] Declaration of Common\Model\NewsModel::find() should be compatible with Think\Model::find($options = Array) C:\phpStudy\PHPTutorial\WWW\tp3.2\Application\Common\Model\NewsModel.class.php 第 5 行.
SQL: SHOW COLUMNS FROM `cms_news` [ RunTime:0.0239s ]
SQL: SELECT * FROM `cms_news` WHERE `status` = 1 ORDER BY count desc LIMIT 1   [ RunTime:0.0004s ]
NOTIC: [8] Undefined index: title C:\phpStudy\PHPTutorial\WWW\tp3.2\Application\Common\Model\NewsModel.class.php 第 50 行.
SQL: SELECT COUNT(*) AS tp_count FROM `cms_news` WHERE `status` <> -1 AND `title` LIKE '%%' LIMIT 1   [ RunTime:0.0003s ]
SQL: SHOW COLUMNS FROM `cms_position` [ RunTime:0.0244s ]
SQL: SELECT COUNT(*) AS tp_count FROM `cms_position` WHERE `status` = 1 LIMIT 1   [ RunTime:0.0003s ]
SQL: SHOW COLUMNS FROM `cms_admin` [ RunTime:0.0140s ]
SQL: SELECT COUNT(*) AS tp_count FROM `cms_admin` WHERE `status` = 1 AND `last_login_time` > 1558368000 LIMIT 1   [ RunTime:0.0004s ]
INFO: [ view_parse ] --START--
INFO: [ template_filter ] --START--
INFO: Run Behavior\ContentReplaceBehavior [ RunTime:0.000041s ]
INFO: [ template_filter ] --END-- [ RunTime:0.000076s ]
NOTIC: [2048] Declaration of Common\Model\BasicModel::save() should be compatible with Think\Model::save($data = '', $options = Array) C:\phpStudy\PHPTutorial\WWW\tp3.2\Application\Common\Model\BasicModel.class.php 第 25 行.
NOTIC: [2048] Declaration of Common\Model\BasicModel::select() should be compatible with Think\Model::select($options = Array) C:\phpStudy\PHPTutorial\WWW\tp3.2\Application\Common\Model\BasicModel.class.php 第 25 行.
NOTIC: [2048] Declaration of Common\Model\MenuModel::find() should be compatible with Think\Model::find($options = Array) C:\phpStudy\PHPTutorial\WWW\tp3.2\Application\Common\Model\MenuModel.class.php 第 104 行.
SQL: SHOW COLUMNS FROM `cms_menu` [ RunTime:0.0157s ]
SQL: SELECT * FROM `cms_menu` WHERE `status` = 1 AND `type` = 1 ORDER BY listorder desc,menu_id desc  [ RunTime:0.0003s ]
NOTIC: [8] Undefined index: a C:\phpStudy\PHPTutorial\WWW\tp3.2\Application\Common\Common\function.php 第 35 行.
NOTIC: [8] Undefined index: a C:\phpStudy\PHPTutorial\WWW\tp3.2\Application\Common\Common\function.php 第 35 行.
NOTIC: [8] Undefined index: a C:\phpStudy\PHPTutorial\WWW\tp3.2\Application\Common\Common\function.php 第 35 行.
NOTIC: [8] Undefined index: a C:\phpStudy\PHPTutorial\WWW\tp3.2\Application\Common\Common\function.php 第 35 行.
NOTIC: [8] Undefined index: a C:\phpStudy\PHPTutorial\WWW\tp3.2\Application\Common\Common\function.php 第 35 行.
NOTIC: [8] Undefined index: a C:\phpStudy\PHPTutorial\WWW\tp3.2\Application\Common\Common\function.php 第 35 行.
NOTIC: [8] Undefined index: a C:\phpStudy\PHPTutorial\WWW\tp3.2\Application\Common\Common\function.php 第 35 行.
INFO: Run Behavior\ParseTemplateBehavior [ RunTime:0.039753s ]
INFO: [ view_parse ] --END-- [ RunTime:0.039785s ]
INFO: [ view_filter ] --START--
INFO: Run Behavior\WriteHtmlCacheBehavior [ RunTime:0.000740s ]
INFO: [ view_filter ] --END-- [ RunTime:0.000786s ]
INFO: [ app_end ] --START--
INFO: Run Behavior\ShowPageTraceBehavior [ RunTime:0.001166s ]
INFO: [ app_end ] --END-- [ RunTime:0.001217s ]

[ 2019-05-21T00:31:51+08:00 ] ::1 /admin.php?c=admin
INFO: [ app_init ] --START--
INFO: Run Behavior\BuildLiteBehavior [ RunTime:0.000011s ]
INFO: [ app_init ] --END-- [ RunTime:0.000287s ]
INFO: [ app_begin ] --START--
INFO: Run Behavior\ReadHtmlCacheBehavior [ RunTime:0.001835s ]
INFO: [ app_begin ] --END-- [ RunTime:0.001922s ]
SQL: SHOW COLUMNS FROM `cms_admin` [ RunTime:0.0326s ]
SQL: SELECT * FROM `cms_admin` WHERE `status` <> -1 ORDER BY admin_id desc  [ RunTime:0.0006s ]
INFO: [ view_parse ] --START--
INFO: [ template_filter ] --START--
INFO: Run Behavior\ContentReplaceBehavior [ RunTime:0.000070s ]
INFO: [ template_filter ] --END-- [ RunTime:0.000104s ]
NOTIC: [2048] Declaration of Common\Model\BasicModel::save() should be compatible with Think\Model::save($data = '', $options = Array) C:\phpStudy\PHPTutorial\WWW\tp3.2\Application\Common\Model\BasicModel.class.php 第 25 行.
NOTIC: [2048] Declaration of Common\Model\BasicModel::select() should be compatible with Think\Model::select($options = Array) C:\phpStudy\PHPTutorial\WWW\tp3.2\Application\Common\Model\BasicModel.class.php 第 25 行.
NOTIC: [2048] Declaration of Common\Model\MenuModel::find() should be compatible with Think\Model::find($options = Array) C:\phpStudy\PHPTutorial\WWW\tp3.2\Application\Common\Model\MenuModel.class.php 第 104 行.
SQL: SHOW COLUMNS FROM `cms_menu` [ RunTime:0.0139s ]
SQL: SELECT * FROM `cms_menu` WHERE `status` = 1 AND `type` = 1 ORDER BY listorder desc,menu_id desc  [ RunTime:0.0004s ]
NOTIC: [8] Undefined index: a C:\phpStudy\PHPTutorial\WWW\tp3.2\Application\Common\Common\function.php 第 35 行.
NOTIC: [8] Undefined index: a C:\phpStudy\PHPTutorial\WWW\tp3.2\Application\Common\Common\function.php 第 35 行.
NOTIC: [8] Undefined index: a C:\phpStudy\PHPTutorial\WWW\tp3.2\Application\Common\Common\function.php 第 35 行.
NOTIC: [8] Undefined index: a C:\phpStudy\PHPTutorial\WWW\tp3.2\Application\Common\Common\function.php 第 35 行.
NOTIC: [8] Undefined index: a C:\phpStudy\PHPTutorial\WWW\tp3.2\Application\Common\Common\function.php 第 35 行.
NOTIC: [8] Undefined index: a C:\phpStudy\PHPTutorial\WWW\tp3.2\Application\Common\Common\function.php 第 35 行.
NOTIC: [8] Undefined index: a C:\phpStudy\PHPTutorial\WWW\tp3.2\Application\Common\Common\function.php 第 35 行.
NOTIC: [8] Undefined variable: nav C:\phpStudy\PHPTutorial\WWW\tp3.2\Application\Runtime\Cache\Admin\b682812e058c4f7cab74d08ab9eabe11.php 第 106 行.
INFO: Run Behavior\ParseTemplateBehavior [ RunTime:0.046424s ]
INFO: [ view_parse ] --END-- [ RunTime:0.046459s ]
INFO: [ view_filter ] --START--
INFO: Run Behavior\WriteHtmlCacheBehavior [ RunTime:0.000577s ]
INFO: [ view_filter ] --END-- [ RunTime:0.000604s ]
INFO: [ app_end ] --START--
INFO: Run Behavior\ShowPageTraceBehavior [ RunTime:0.000709s ]
INFO: [ app_end ] --END-- [ RunTime:0.000739s ]

[ 2019-05-21T00:31:53+08:00 ] ::1 /admin.php?c=admin&a=add
INFO: [ app_init ] --START--
INFO: Run Behavior\BuildLiteBehavior [ RunTime:0.000011s ]
INFO: [ app_init ] --END-- [ RunTime:0.000286s ]
INFO: [ app_begin ] --START--
INFO: Run Behavior\ReadHtmlCacheBehavior [ RunTime:0.000559s ]
INFO: [ app_begin ] --END-- [ RunTime:0.000598s ]
INFO: [ view_parse ] --START--
INFO: [ template_filter ] --START--
INFO: Run Behavior\ContentReplaceBehavior [ RunTime:0.000034s ]
INFO: [ template_filter ] --END-- [ RunTime:0.000070s ]
NOTIC: [2048] Declaration of Common\Model\BasicModel::save() should be compatible with Think\Model::save($data = '', $options = Array) C:\phpStudy\PHPTutorial\WWW\tp3.2\Application\Common\Model\BasicModel.class.php 第 6 行.
NOTIC: [2048] Declaration of Common\Model\BasicModel::select() should be compatible with Think\Model::select($options = Array) C:\phpStudy\PHPTutorial\WWW\tp3.2\Application\Common\Model\BasicModel.class.php 第 6 行.
NOTIC: [2048] Declaration of Common\Model\MenuModel::find() should be compatible with Think\Model::find($options = Array) C:\phpStudy\PHPTutorial\WWW\tp3.2\Application\Common\Model\MenuModel.class.php 第 104 行.
SQL: SHOW COLUMNS FROM `cms_menu` [ RunTime:0.0246s ]
SQL: SELECT * FROM `cms_menu` WHERE `status` = 1 AND `type` = 1 ORDER BY listorder desc,menu_id desc  [ RunTime:0.0003s ]
NOTIC: [8] Undefined index: a C:\phpStudy\PHPTutorial\WWW\tp3.2\Application\Common\Common\function.php 第 35 行.
NOTIC: [8] Undefined index: a C:\phpStudy\PHPTutorial\WWW\tp3.2\Application\Common\Common\function.php 第 35 行.
NOTIC: [8] Undefined index: a C:\phpStudy\PHPTutorial\WWW\tp3.2\Application\Common\Common\function.php 第 35 行.
NOTIC: [8] Undefined index: a C:\phpStudy\PHPTutorial\WWW\tp3.2\Application\Common\Common\function.php 第 35 行.
NOTIC: [8] Undefined index: a C:\phpStudy\PHPTutorial\WWW\tp3.2\Application\Common\Common\function.php 第 35 行.
NOTIC: [8] Undefined index: a C:\phpStudy\PHPTutorial\WWW\tp3.2\Application\Common\Common\function.php 第 35 行.
NOTIC: [8] Undefined index: a C:\phpStudy\PHPTutorial\WWW\tp3.2\Application\Common\Common\function.php 第 35 行.
INFO: Run Behavior\ParseTemplateBehavior [ RunTime:0.065210s ]
INFO: [ view_parse ] --END-- [ RunTime:0.065241s ]
INFO: [ view_filter ] --START--
INFO: Run Behavior\WriteHtmlCacheBehavior [ RunTime:0.000564s ]
INFO: [ view_filter ] --END-- [ RunTime:0.000592s ]
INFO: [ app_end ] --START--
INFO: Run Behavior\ShowPageTraceBehavior [ RunTime:0.000708s ]
INFO: [ app_end ] --END-- [ RunTime:0.000738s ]

[ 2019-05-21T00:31:56+08:00 ] ::1 /admin.php?c=admin&a=add
INFO: [ app_init ] --START--
INFO: Run Behavior\BuildLiteBehavior [ RunTime:0.000012s ]
INFO: [ app_init ] --END-- [ RunTime:0.000290s ]
INFO: [ app_begin ] --START--
INFO: Run Behavior\ReadHtmlCacheBehavior [ RunTime:0.000560s ]
INFO: [ app_begin ] --END-- [ RunTime:0.000597s ]
NOTIC: [2] Missing argument 3 for show(), called in C:\phpStudy\PHPTutorial\WWW\tp3.2\Application\Admin\Controller\AdminController.class.php on line 19 and defined C:\phpStudy\PHPTutorial\WWW\tp3.2\Application\Common\Common\function.php 第 6 行.
NOTIC: [8] Undefined variable: data C:\phpStudy\PHPTutorial\WWW\tp3.2\Application\Common\Common\function.php 第 10 行.

[ 2019-05-21T00:31:58+08:00 ] ::1 /admin.php?c=admin&a=add
INFO: [ app_init ] --START--
INFO: Run Behavior\BuildLiteBehavior [ RunTime:0.000012s ]
INFO: [ app_init ] --END-- [ RunTime:0.000282s ]
INFO: [ app_begin ] --START--
INFO: Run Behavior\ReadHtmlCacheBehavior [ RunTime:0.000545s ]
INFO: [ app_begin ] --END-- [ RunTime:0.000579s ]
NOTIC: [2] Missing argument 3 for show(), called in C:\phpStudy\PHPTutorial\WWW\tp3.2\Application\Admin\Controller\AdminController.class.php on line 19 and defined C:\phpStudy\PHPTutorial\WWW\tp3.2\Application\Common\Common\function.php 第 6 行.
NOTIC: [8] Undefined variable: data C:\phpStudy\PHPTutorial\WWW\tp3.2\Application\Common\Common\function.php 第 10 行.

[ 2019-05-21T00:32:02+08:00 ] ::1 /admin.php?c=admin&a=add
INFO: [ app_init ] --START--
INFO: Run Behavior\BuildLiteBehavior [ RunTime:0.000011s ]
INFO: [ app_init ] --END-- [ RunTime:0.000277s ]
INFO: [ app_begin ] --START--
INFO: Run Behavior\ReadHtmlCacheBehavior [ RunTime:0.000558s ]
INFO: [ app_begin ] --END-- [ RunTime:0.000593s ]
NOTIC: [2] Missing argument 3 for show(), called in C:\phpStudy\PHPTutorial\WWW\tp3.2\Application\Admin\Controller\AdminController.class.php on line 19 and defined C:\phpStudy\PHPTutorial\WWW\tp3.2\Application\Common\Common\function.php 第 6 行.
NOTIC: [8] Undefined variable: data C:\phpStudy\PHPTutorial\WWW\tp3.2\Application\Common\Common\function.php 第 10 行.

[ 2019-05-21T00:32:04+08:00 ] ::1 /admin.php?c=admin&a=add
INFO: [ app_init ] --START--
INFO: Run Behavior\BuildLiteBehavior [ RunTime:0.000010s ]
INFO: [ app_init ] --END-- [ RunTime:0.000278s ]
INFO: [ app_begin ] --START--
INFO: Run Behavior\ReadHtmlCacheBehavior [ RunTime:0.000962s ]
INFO: [ app_begin ] --END-- [ RunTime:0.001022s ]
NOTIC: [2] Missing argument 3 for show(), called in C:\phpStudy\PHPTutorial\WWW\tp3.2\Application\Admin\Controller\AdminController.class.php on line 19 and defined C:\phpStudy\PHPTutorial\WWW\tp3.2\Application\Common\Common\function.php 第 6 行.
NOTIC: [8] Undefined variable: data C:\phpStudy\PHPTutorial\WWW\tp3.2\Application\Common\Common\function.php 第 10 行.

[ 2019-05-21T00:32:05+08:00 ] ::1 /admin.php?c=admin&a=add
INFO: [ app_init ] --START--
INFO: Run Behavior\BuildLiteBehavior [ RunTime:0.000014s ]
INFO: [ app_init ] --END-- [ RunTime:0.000888s ]
INFO: [ app_begin ] --START--
INFO: Run Behavior\ReadHtmlCacheBehavior [ RunTime:0.000553s ]
INFO: [ app_begin ] --END-- [ RunTime:0.000590s ]
NOTIC: [2] Missing argument 3 for show(), called in C:\phpStudy\PHPTutorial\WWW\tp3.2\Application\Admin\Controller\AdminController.class.php on line 19 and defined C:\phpStudy\PHPTutorial\WWW\tp3.2\Application\Common\Common\function.php 第 6 行.
NOTIC: [8] Undefined variable: data C:\phpStudy\PHPTutorial\WWW\tp3.2\Application\Common\Common\function.php 第 10 行.

[ 2019-05-21T00:32:41+08:00 ] ::1 /admin.php?c=admin&a=add
INFO: [ app_init ] --START--
INFO: Run Behavior\BuildLiteBehavior [ RunTime:0.000011s ]
INFO: [ app_init ] --END-- [ RunTime:0.000379s ]
INFO: [ app_begin ] --START--
INFO: Run Behavior\ReadHtmlCacheBehavior [ RunTime:0.001914s ]
INFO: [ app_begin ] --END-- [ RunTime:0.001996s ]
INFO: [ view_parse ] --START--
INFO: [ template_filter ] --START--
INFO: Run Behavior\ContentReplaceBehavior [ RunTime:0.000035s ]
INFO: [ template_filter ] --END-- [ RunTime:0.000067s ]
NOTIC: [2048] Declaration of Common\Model\BasicModel::save() should be compatible with Think\Model::save($data = '', $options = Array) C:\phpStudy\PHPTutorial\WWW\tp3.2\Application\Common\Model\BasicModel.class.php 第 6 行.
NOTIC: [2048] Declaration of Common\Model\BasicModel::select() should be compatible with Think\Model::select($options = Array) C:\phpStudy\PHPTutorial\WWW\tp3.2\Application\Common\Model\BasicModel.class.php 第 6 行.
NOTIC: [2048] Declaration of Common\Model\MenuModel::find() should be compatible with Think\Model::find($options = Array) C:\phpStudy\PHPTutorial\WWW\tp3.2\Application\Common\Model\MenuModel.class.php 第 104 行.
SQL: SHOW COLUMNS FROM `cms_menu` [ RunTime:0.0249s ]
SQL: SELECT * FROM `cms_menu` WHERE `status` = 1 AND `type` = 1 ORDER BY listorder desc,menu_id desc  [ RunTime:0.0003s ]
NOTIC: [8] Undefined index: a C:\phpStudy\PHPTutorial\WWW\tp3.2\Application\Common\Common\function.php 第 35 行.
NOTIC: [8] Undefined index: a C:\phpStudy\PHPTutorial\WWW\tp3.2\Application\Common\Common\function.php 第 35 行.
NOTIC: [8] Undefined index: a C:\phpStudy\PHPTutorial\WWW\tp3.2\Application\Common\Common\function.php 第 35 行.
NOTIC: [8] Undefined index: a C:\phpStudy\PHPTutorial\WWW\tp3.2\Application\Common\Common\function.php 第 35 行.
NOTIC: [8] Undefined index: a C:\phpStudy\PHPTutorial\WWW\tp3.2\Application\Common\Common\function.php 第 35 行.
NOTIC: [8] Undefined index: a C:\phpStudy\PHPTutorial\WWW\tp3.2\Application\Common\Common\function.php 第 35 行.
NOTIC: [8] Undefined index: a C:\phpStudy\PHPTutorial\WWW\tp3.2\Application\Common\Common\function.php 第 35 行.
INFO: Run Behavior\ParseTemplateBehavior [ RunTime:0.069994s ]
INFO: [ view_parse ] --END-- [ RunTime:0.070026s ]
INFO: [ view_filter ] --START--
INFO: Run Behavior\WriteHtmlCacheBehavior [ RunTime:0.000583s ]
INFO: [ view_filter ] --END-- [ RunTime:0.000611s ]
INFO: [ app_end ] --START--
INFO: Run Behavior\ShowPageTraceBehavior [ RunTime:0.000732s ]
INFO: [ app_end ] --END-- [ RunTime:0.000765s ]

[ 2019-05-21T00:47:03+08:00 ] ::1 /admin.php?c=admin&a=add
INFO: [ app_init ] --START--
INFO: Run Behavior\BuildLiteBehavior [ RunTime:0.000011s ]
INFO: [ app_init ] --END-- [ RunTime:0.000294s ]
INFO: [ app_begin ] --START--
INFO: Run Behavior\ReadHtmlCacheBehavior [ RunTime:0.000579s ]
INFO: [ app_begin ] --END-- [ RunTime:0.000617s ]
INFO: [ view_parse ] --START--
INFO: [ template_filter ] --START--
INFO: Run Behavior\ContentReplaceBehavior [ RunTime:0.000035s ]
INFO: [ template_filter ] --END-- [ RunTime:0.000070s ]
NOTIC: [2048] Declaration of Common\Model\BasicModel::save() should be compatible with Think\Model::save($data = '', $options = Array) C:\phpStudy\PHPTutorial\WWW\tp3.2\Application\Common\Model\BasicModel.class.php 第 6 行.
NOTIC: [2048] Declaration of Common\Model\BasicModel::select() should be compatible with Think\Model::select($options = Array) C:\phpStudy\PHPTutorial\WWW\tp3.2\Application\Common\Model\BasicModel.class.php 第 6 行.
NOTIC: [2048] Declaration of Common\Model\MenuModel::find() should be compatible with Think\Model::find($options = Array) C:\phpStudy\PHPTutorial\WWW\tp3.2\Application\Common\Model\MenuModel.class.php 第 104 行.
SQL: SHOW COLUMNS FROM `cms_menu` [ RunTime:0.0259s ]
SQL: SELECT * FROM `cms_menu` WHERE `status` = 1 AND `type` = 1 ORDER BY listorder desc,menu_id desc  [ RunTime:0.0005s ]
NOTIC: [8] Undefined index: adminUser C:\phpStudy\PHPTutorial\WWW\tp3.2\Application\Common\Common\function.php 第 56 行.
NOTIC: [8] Undefined index: a C:\phpStudy\PHPTutorial\WWW\tp3.2\Application\Common\Common\function.php 第 35 行.
NOTIC: [8] Undefined index: a C:\phpStudy\PHPTutorial\WWW\tp3.2\Application\Common\Common\function.php 第 35 行.
NOTIC: [8] Undefined index: a C:\phpStudy\PHPTutorial\WWW\tp3.2\Application\Common\Common\function.php 第 35 行.
NOTIC: [8] Undefined index: a C:\phpStudy\PHPTutorial\WWW\tp3.2\Application\Common\Common\function.php 第 35 行.
NOTIC: [8] Undefined index: a C:\phpStudy\PHPTutorial\WWW\tp3.2\Application\Common\Common\function.php 第 35 行.
NOTIC: [8] Undefined index: a C:\phpStudy\PHPTutorial\WWW\tp3.2\Application\Common\Common\function.php 第 35 行.
INFO: Run Behavior\ParseTemplateBehavior [ RunTime:0.058725s ]
INFO: [ view_parse ] --END-- [ RunTime:0.058757s ]
INFO: [ view_filter ] --START--
INFO: Run Behavior\WriteHtmlCacheBehavior [ RunTime:0.000727s ]
INFO: [ view_filter ] --END-- [ RunTime:0.000773s ]
INFO: [ app_end ] --START--
INFO: Run Behavior\ShowPageTraceBehavior [ RunTime:0.001067s ]
INFO: [ app_end ] --END-- [ RunTime:0.001100s ]

[ 2019-05-21T01:01:06+08:00 ] ::1 /admin.php?c=admin&a=add
INFO: [ app_init ] --START--
INFO: Run Behavior\BuildLiteBehavior [ RunTime:0.000011s ]
INFO: [ app_init ] --END-- [ RunTime:0.000344s ]
INFO: [ app_begin ] --START--
INFO: Run Behavior\ReadHtmlCacheBehavior [ RunTime:0.000661s ]
INFO: [ app_begin ] --END-- [ RunTime:0.000699s ]
INFO: [ view_parse ] --START--
INFO: [ template_filter ] --START--
INFO: Run Behavior\ContentReplaceBehavior [ RunTime:0.000039s ]
INFO: [ template_filter ] --END-- [ RunTime:0.000071s ]
NOTIC: [2048] Declaration of Common\Model\BasicModel::save() should be compatible with Think\Model::save($data = '', $options = Array) C:\phpStudy\PHPTutorial\WWW\tp3.2\Application\Common\Model\BasicModel.class.php 第 6 行.
NOTIC: [2048] Declaration of Common\Model\BasicModel::select() should be compatible with Think\Model::select($options = Array) C:\phpStudy\PHPTutorial\WWW\tp3.2\Application\Common\Model\BasicModel.class.php 第 6 行.
NOTIC: [2048] Declaration of Common\Model\MenuModel::find() should be compatible with Think\Model::find($options = Array) C:\phpStudy\PHPTutorial\WWW\tp3.2\Application\Common\Model\MenuModel.class.php 第 104 行.
SQL: SHOW COLUMNS FROM `cms_menu` [ RunTime:0.0299s ]
SQL: SELECT * FROM `cms_menu` WHERE `status` = 1 AND `type` = 1 ORDER BY listorder desc,menu_id desc  [ RunTime:0.0004s ]
NOTIC: [8] Undefined index: adminUser C:\phpStudy\PHPTutorial\WWW\tp3.2\Application\Common\Common\function.php 第 56 行.
NOTIC: [8] Undefined index: a C:\phpStudy\PHPTutorial\WWW\tp3.2\Application\Common\Common\function.php 第 35 行.
NOTIC: [8] Undefined index: a C:\phpStudy\PHPTutorial\WWW\tp3.2\Application\Common\Common\function.php 第 35 行.
NOTIC: [8] Undefined index: a C:\phpStudy\PHPTutorial\WWW\tp3.2\Application\Common\Common\function.php 第 35 行.
NOTIC: [8] Undefined index: a C:\phpStudy\PHPTutorial\WWW\tp3.2\Application\Common\Common\function.php 第 35 行.
NOTIC: [8] Undefined index: a C:\phpStudy\PHPTutorial\WWW\tp3.2\Application\Common\Common\function.php 第 35 行.
NOTIC: [8] Undefined index: a C:\phpStudy\PHPTutorial\WWW\tp3.2\Application\Common\Common\function.php 第 35 行.
INFO: Run Behavior\ParseTemplateBehavior [ RunTime:0.051366s ]
INFO: [ view_parse ] --END-- [ RunTime:0.051398s ]
INFO: [ view_filter ] --START--
INFO: Run Behavior\WriteHtmlCacheBehavior [ RunTime:0.000610s ]
INFO: [ view_filter ] --END-- [ RunTime:0.000638s ]
INFO: [ app_end ] --START--
INFO: Run Behavior\ShowPageTraceBehavior [ RunTime:0.000727s ]
INFO: [ app_end ] --END-- [ RunTime:0.000763s ]

[ 2019-05-21T01:21:22+08:00 ] ::1 /admin.php?c=admin&a=add
INFO: [ app_init ] --START--
INFO: Run Behavior\BuildLiteBehavior [ RunTime:0.000010s ]
INFO: [ app_init ] --END-- [ RunTime:0.000288s ]
INFO: [ app_begin ] --START--
INFO: Run Behavior\ReadHtmlCacheBehavior [ RunTime:0.000654s ]
INFO: [ app_begin ] --END-- [ RunTime:0.000694s ]
NOTIC: [2] Missing argument 3 for show(), called in C:\phpStudy\PHPTutorial\WWW\tp3.2\Application\Admin\Controller\AdminController.class.php on line 19 and defined C:\phpStudy\PHPTutorial\WWW\tp3.2\Application\Common\Common\function.php 第 6 行.
NOTIC: [8] Undefined variable: data C:\phpStudy\PHPTutorial\WWW\tp3.2\Application\Common\Common\function.php 第 10 行.

[ 2019-05-21T02:15:07+08:00 ] ::1 /admin.php?c=admin&a=add
INFO: [ app_init ] --START--
INFO: Run Behavior\BuildLiteBehavior [ RunTime:0.000028s ]
INFO: [ app_init ] --END-- [ RunTime:0.000517s ]
INFO: [ app_begin ] --START--
INFO: Run Behavior\ReadHtmlCacheBehavior [ RunTime:0.000634s ]
INFO: [ app_begin ] --END-- [ RunTime:0.000673s ]
INFO: [ view_parse ] --START--
INFO: [ template_filter ] --START--
INFO: Run Behavior\ContentReplaceBehavior [ RunTime:0.000035s ]
INFO: [ template_filter ] --END-- [ RunTime:0.000067s ]
NOTIC: [2048] Declaration of Common\Model\BasicModel::save() should be compatible with Think\Model::save($data = '', $options = Array) C:\phpStudy\PHPTutorial\WWW\tp3.2\Application\Common\Model\BasicModel.class.php 第 6 行.
NOTIC: [2048] Declaration of Common\Model\BasicModel::select() should be compatible with Think\Model::select($options = Array) C:\phpStudy\PHPTutorial\WWW\tp3.2\Application\Common\Model\BasicModel.class.php 第 6 行.
NOTIC: [2048] Declaration of Common\Model\MenuModel::find() should be compatible with Think\Model::find($options = Array) C:\phpStudy\PHPTutorial\WWW\tp3.2\Application\Common\Model\MenuModel.class.php 第 104 行.
SQL: SHOW COLUMNS FROM `cms_menu` [ RunTime:0.0280s ]
SQL: SELECT * FROM `cms_menu` WHERE `status` = 1 AND `type` = 1 ORDER BY listorder desc,menu_id desc  [ RunTime:0.0004s ]
NOTIC: [8] Undefined index: adminUser C:\phpStudy\PHPTutorial\WWW\tp3.2\Application\Common\Common\function.php 第 56 行.
NOTIC: [8] Undefined index: a C:\phpStudy\PHPTutorial\WWW\tp3.2\Application\Common\Common\function.php 第 35 行.
NOTIC: [8] Undefined index: a C:\phpStudy\PHPTutorial\WWW\tp3.2\Application\Common\Common\function.php 第 35 行.
NOTIC: [8] Undefined index: a C:\phpStudy\PHPTutorial\WWW\tp3.2\Application\Common\Common\function.php 第 35 行.
NOTIC: [8] Undefined index: a C:\phpStudy\PHPTutorial\WWW\tp3.2\Application\Common\Common\function.php 第 35 行.
NOTIC: [8] Undefined index: a C:\phpStudy\PHPTutorial\WWW\tp3.2\Application\Common\Common\function.php 第 35 行.
NOTIC: [8] Undefined index: a C:\phpStudy\PHPTutorial\WWW\tp3.2\Application\Common\Common\function.php 第 35 行.
INFO: Run Behavior\ParseTemplateBehavior [ RunTime:0.049980s ]
INFO: [ view_parse ] --END-- [ RunTime:0.050028s ]
INFO: [ view_filter ] --START--
INFO: Run Behavior\WriteHtmlCacheBehavior [ RunTime:0.000568s ]
INFO: [ view_filter ] --END-- [ RunTime:0.000595s ]
INFO: [ app_end ] --START--
INFO: Run Behavior\ShowPageTraceBehavior [ RunTime:0.000729s ]
INFO: [ app_end ] --END-- [ RunTime:0.000757s ]

[ 2019-05-21T16:04:24+08:00 ] ::1 /admin.php
INFO: [ app_init ] --START--
INFO: Run Behavior\BuildLiteBehavior [ RunTime:0.000011s ]
INFO: [ app_init ] --END-- [ RunTime:0.000480s ]
INFO: [ app_begin ] --START--
INFO: Run Behavior\ReadHtmlCacheBehavior [ RunTime:0.002105s ]
INFO: [ app_begin ] --END-- [ RunTime:0.002322s ]
NOTIC: [8] Undefined variable: module C:\phpStudy\PHPTutorial\WWW\tp3.2\ThinkPHP\Common\functions.php 第 990 行.
NOTIC: [8] Undefined variable: var C:\phpStudy\PHPTutorial\WWW\tp3.2\ThinkPHP\Common\functions.php 第 990 行.
NOTIC: [2] array_reverse() expects parameter 1 to be array, null given C:\phpStudy\PHPTutorial\WWW\tp3.2\ThinkPHP\Common\functions.php 第 990 行.
NOTIC: [2] http_build_query(): Parameter 1 expected to be Array or Object.  Incorrect value given C:\phpStudy\PHPTutorial\WWW\tp3.2\ThinkPHP\Common\functions.php 第 990 行.

[ 2019-05-21T16:04:24+08:00 ] ::1 /admin.php?m=&&c=login
INFO: [ app_init ] --START--
INFO: Run Behavior\BuildLiteBehavior [ RunTime:0.000010s ]
INFO: [ app_init ] --END-- [ RunTime:0.000289s ]
INFO: [ app_begin ] --START--
INFO: Run Behavior\ReadHtmlCacheBehavior [ RunTime:0.000563s ]
INFO: [ app_begin ] --END-- [ RunTime:0.000602s ]
INFO: [ view_parse ] --START--
INFO: [ template_filter ] --START--
INFO: Run Behavior\ContentReplaceBehavior [ RunTime:0.000029s ]
INFO: [ template_filter ] --END-- [ RunTime:0.000070s ]
INFO: Run Behavior\ParseTemplateBehavior [ RunTime:0.016977s ]
INFO: [ view_parse ] --END-- [ RunTime:0.017026s ]
INFO: [ view_filter ] --START--
INFO: Run Behavior\WriteHtmlCacheBehavior [ RunTime:0.000519s ]
INFO: [ view_filter ] --END-- [ RunTime:0.000547s ]
INFO: [ app_end ] --START--
INFO: Run Behavior\ShowPageTraceBehavior [ RunTime:0.000698s ]
INFO: [ app_end ] --END-- [ RunTime:0.000730s ]

[ 2019-05-21T16:04:31+08:00 ] ::1 /admin.php?c=login&a=check
INFO: [ app_init ] --START--
INFO: Run Behavior\BuildLiteBehavior [ RunTime:0.000011s ]
INFO: [ app_init ] --END-- [ RunTime:0.000292s ]
INFO: [ app_begin ] --START--
INFO: Run Behavior\ReadHtmlCacheBehavior [ RunTime:0.000564s ]
INFO: [ app_begin ] --END-- [ RunTime:0.000599s ]
SQL: SHOW COLUMNS FROM `cms_admin` [ RunTime:0.0482s ]
SQL: SELECT * FROM `cms_admin` WHERE ( user_name="beibei" ) LIMIT 1   [ RunTime:0.0003s ]
SQL: UPDATE `cms_admin` SET `last_login_time`='1558425871' WHERE ( admin_id=2 ) [ RunTime:0.0004s ]
NOTIC: [2] Missing argument 3 for show(), called in C:\phpStudy\PHPTutorial\WWW\tp3.2\Application\Admin\Controller\LoginController.class.php on line 39 and defined C:\phpStudy\PHPTutorial\WWW\tp3.2\Application\Common\Common\function.php 第 6 行.
NOTIC: [8] Undefined variable: data C:\phpStudy\PHPTutorial\WWW\tp3.2\Application\Common\Common\function.php 第 10 行.

[ 2019-05-21T16:04:32+08:00 ] ::1 /admin.php?c=index
INFO: [ app_init ] --START--
INFO: Run Behavior\BuildLiteBehavior [ RunTime:0.000012s ]
INFO: [ app_init ] --END-- [ RunTime:0.000295s ]
INFO: [ app_begin ] --START--
INFO: Run Behavior\ReadHtmlCacheBehavior [ RunTime:0.000591s ]
INFO: [ app_begin ] --END-- [ RunTime:0.000630s ]
NOTIC: [2048] Declaration of Common\Model\NewsModel::find() should be compatible with Think\Model::find($options = Array) C:\phpStudy\PHPTutorial\WWW\tp3.2\Application\Common\Model\NewsModel.class.php 第 5 行.
SQL: SHOW COLUMNS FROM `cms_news` [ RunTime:0.0249s ]
SQL: SELECT * FROM `cms_news` WHERE `status` = 1 ORDER BY count desc LIMIT 1   [ RunTime:0.0004s ]
NOTIC: [8] Undefined index: title C:\phpStudy\PHPTutorial\WWW\tp3.2\Application\Common\Model\NewsModel.class.php 第 50 行.
SQL: SELECT COUNT(*) AS tp_count FROM `cms_news` WHERE `status` <> -1 AND `title` LIKE '%%' LIMIT 1   [ RunTime:0.0002s ]
SQL: SHOW COLUMNS FROM `cms_position` [ RunTime:0.0360s ]
SQL: SELECT COUNT(*) AS tp_count FROM `cms_position` WHERE `status` = 1 LIMIT 1   [ RunTime:0.0005s ]
SQL: SHOW COLUMNS FROM `cms_admin` [ RunTime:0.0138s ]
SQL: SELECT COUNT(*) AS tp_count FROM `cms_admin` WHERE `status` = 1 AND `last_login_time` > 1558368000 LIMIT 1   [ RunTime:0.0004s ]
INFO: [ view_parse ] --START--
INFO: [ template_filter ] --START--
INFO: Run Behavior\ContentReplaceBehavior [ RunTime:0.000043s ]
INFO: [ template_filter ] --END-- [ RunTime:0.000080s ]
NOTIC: [2048] Declaration of Common\Model\BasicModel::save() should be compatible with Think\Model::save($data = '', $options = Array) C:\phpStudy\PHPTutorial\WWW\tp3.2\Application\Common\Model\BasicModel.class.php 第 25 行.
NOTIC: [2048] Declaration of Common\Model\BasicModel::select() should be compatible with Think\Model::select($options = Array) C:\phpStudy\PHPTutorial\WWW\tp3.2\Application\Common\Model\BasicModel.class.php 第 25 行.
NOTIC: [2048] Declaration of Common\Model\MenuModel::find() should be compatible with Think\Model::find($options = Array) C:\phpStudy\PHPTutorial\WWW\tp3.2\Application\Common\Model\MenuModel.class.php 第 104 行.
SQL: SHOW COLUMNS FROM `cms_menu` [ RunTime:0.0147s ]
SQL: SELECT * FROM `cms_menu` WHERE `status` = 1 AND `type` = 1 ORDER BY listorder desc,menu_id desc  [ RunTime:0.0003s ]
NOTIC: [8] Undefined index: a C:\phpStudy\PHPTutorial\WWW\tp3.2\Application\Common\Common\function.php 第 35 行.
NOTIC: [8] Undefined index: a C:\phpStudy\PHPTutorial\WWW\tp3.2\Application\Common\Common\function.php 第 35 行.
NOTIC: [8] Undefined index: a C:\phpStudy\PHPTutorial\WWW\tp3.2\Application\Common\Common\function.php 第 35 行.
NOTIC: [8] Undefined index: a C:\phpStudy\PHPTutorial\WWW\tp3.2\Application\Common\Common\function.php 第 35 行.
NOTIC: [8] Undefined index: a C:\phpStudy\PHPTutorial\WWW\tp3.2\Application\Common\Common\function.php 第 35 行.
NOTIC: [8] Undefined index: a C:\phpStudy\PHPTutorial\WWW\tp3.2\Application\Common\Common\function.php 第 35 行.
NOTIC: [8] Undefined index: a C:\phpStudy\PHPTutorial\WWW\tp3.2\Application\Common\Common\function.php 第 35 行.
INFO: Run Behavior\ParseTemplateBehavior [ RunTime:0.062690s ]
INFO: [ view_parse ] --END-- [ RunTime:0.062744s ]
INFO: [ view_filter ] --START--
INFO: Run Behavior\WriteHtmlCacheBehavior [ RunTime:0.000615s ]
INFO: [ view_filter ] --END-- [ RunTime:0.000645s ]
INFO: [ app_end ] --START--
INFO: Run Behavior\ShowPageTraceBehavior [ RunTime:0.000801s ]
INFO: [ app_end ] --END-- [ RunTime:0.000834s ]

[ 2019-05-21T16:04:56+08:00 ] ::1 /admin.php?c=admin
INFO: [ app_init ] --START--
INFO: Run Behavior\BuildLiteBehavior [ RunTime:0.000011s ]
INFO: [ app_init ] --END-- [ RunTime:0.000327s ]
INFO: [ app_begin ] --START--
INFO: Run Behavior\ReadHtmlCacheBehavior [ RunTime:0.000772s ]
INFO: [ app_begin ] --END-- [ RunTime:0.000813s ]
SQL: SHOW COLUMNS FROM `cms_admin` [ RunTime:0.0238s ]
SQL: SELECT * FROM `cms_admin` WHERE `status` <> -1 ORDER BY admin_id desc  [ RunTime:0.0004s ]
INFO: [ view_parse ] --START--
INFO: [ template_filter ] --START--
INFO: Run Behavior\ContentReplaceBehavior [ RunTime:0.000079s ]
INFO: [ template_filter ] --END-- [ RunTime:0.000133s ]
NOTIC: [2048] Declaration of Common\Model\BasicModel::save() should be compatible with Think\Model::save($data = '', $options = Array) C:\phpStudy\PHPTutorial\WWW\tp3.2\Application\Common\Model\BasicModel.class.php 第 25 行.
NOTIC: [2048] Declaration of Common\Model\BasicModel::select() should be compatible with Think\Model::select($options = Array) C:\phpStudy\PHPTutorial\WWW\tp3.2\Application\Common\Model\BasicModel.class.php 第 25 行.
NOTIC: [2048] Declaration of Common\Model\MenuModel::find() should be compatible with Think\Model::find($options = Array) C:\phpStudy\PHPTutorial\WWW\tp3.2\Application\Common\Model\MenuModel.class.php 第 104 行.
SQL: SHOW COLUMNS FROM `cms_menu` [ RunTime:0.0148s ]
SQL: SELECT * FROM `cms_menu` WHERE `status` = 1 AND `type` = 1 ORDER BY listorder desc,menu_id desc  [ RunTime:0.0003s ]
NOTIC: [8] Undefined index: a C:\phpStudy\PHPTutorial\WWW\tp3.2\Application\Common\Common\function.php 第 35 行.
NOTIC: [8] Undefined index: a C:\phpStudy\PHPTutorial\WWW\tp3.2\Application\Common\Common\function.php 第 35 行.
NOTIC: [8] Undefined index: a C:\phpStudy\PHPTutorial\WWW\tp3.2\Application\Common\Common\function.php 第 35 行.
NOTIC: [8] Undefined index: a C:\phpStudy\PHPTutorial\WWW\tp3.2\Application\Common\Common\function.php 第 35 行.
NOTIC: [8] Undefined index: a C:\phpStudy\PHPTutorial\WWW\tp3.2\Application\Common\Common\function.php 第 35 行.
NOTIC: [8] Undefined index: a C:\phpStudy\PHPTutorial\WWW\tp3.2\Application\Common\Common\function.php 第 35 行.
NOTIC: [8] Undefined index: a C:\phpStudy\PHPTutorial\WWW\tp3.2\Application\Common\Common\function.php 第 35 行.
NOTIC: [8] Undefined variable: nav C:\phpStudy\PHPTutorial\WWW\tp3.2\Application\Runtime\Cache\Admin\b682812e058c4f7cab74d08ab9eabe11.php 第 106 行.
INFO: Run Behavior\ParseTemplateBehavior [ RunTime:0.057078s ]
INFO: [ view_parse ] --END-- [ RunTime:0.057117s ]
INFO: [ view_filter ] --START--
INFO: Run Behavior\WriteHtmlCacheBehavior [ RunTime:0.000599s ]
INFO: [ view_filter ] --END-- [ RunTime:0.000629s ]
INFO: [ app_end ] --START--
INFO: Run Behavior\ShowPageTraceBehavior [ RunTime:0.001062s ]
INFO: [ app_end ] --END-- [ RunTime:0.001091s ]

[ 2019-05-21T16:05:03+08:00 ] ::1 /admin.php?c=user
INFO: [ app_init ] --START--
INFO: Run Behavior\BuildLiteBehavior [ RunTime:0.000012s ]
INFO: [ app_init ] --END-- [ RunTime:0.000291s ]
INFO: [ app_begin ] --START--
INFO: Run Behavior\ReadHtmlCacheBehavior [ RunTime:0.000602s ]
INFO: [ app_begin ] --END-- [ RunTime:0.000640s ]
ERR: 无法加载控制器:User

[ 2019-05-21T16:06:57+08:00 ] ::1 /admin.php?c=user
INFO: [ app_init ] --START--
INFO: Run Behavior\BuildLiteBehavior [ RunTime:0.000012s ]
INFO: [ app_init ] --END-- [ RunTime:0.000329s ]
INFO: [ app_begin ] --START--
INFO: Run Behavior\ReadHtmlCacheBehavior [ RunTime:0.000667s ]
INFO: [ app_begin ] --END-- [ RunTime:0.000710s ]
ERR: 无法加载控制器:User

[ 2019-05-21T16:07:00+08:00 ] ::1 /admin.php?c=user
INFO: [ app_init ] --START--
INFO: Run Behavior\BuildLiteBehavior [ RunTime:0.000011s ]
INFO: [ app_init ] --END-- [ RunTime:0.000291s ]
INFO: [ app_begin ] --START--
INFO: Run Behavior\ReadHtmlCacheBehavior [ RunTime:0.000564s ]
INFO: [ app_begin ] --END-- [ RunTime:0.000601s ]
ERR: 无法加载控制器:User

[ 2019-05-21T16:07:27+08:00 ] ::1 /admin.php?c=user
INFO: [ app_init ] --START--
INFO: Run Behavior\BuildLiteBehavior [ RunTime:0.000010s ]
INFO: [ app_init ] --END-- [ RunTime:0.000326s ]
INFO: [ app_begin ] --START--
INFO: Run Behavior\ReadHtmlCacheBehavior [ RunTime:0.000665s ]
INFO: [ app_begin ] --END-- [ RunTime:0.000703s ]
ERR: 无法加载控制器:User

[ 2019-05-21T16:07:29+08:00 ] ::1 /admin.php?c=user
INFO: [ app_init ] --START--
INFO: Run Behavior\BuildLiteBehavior [ RunTime:0.000010s ]
INFO: [ app_init ] --END-- [ RunTime:0.000287s ]
INFO: [ app_begin ] --START--
INFO: Run Behavior\ReadHtmlCacheBehavior [ RunTime:0.000929s ]
INFO: [ app_begin ] --END-- [ RunTime:0.001001s ]
ERR: 无法加载控制器:User

[ 2019-05-21T16:07:30+08:00 ] ::1 /admin.php?c=user
INFO: [ app_init ] --START--
INFO: Run Behavior\BuildLiteBehavior [ RunTime:0.000012s ]
INFO: [ app_init ] --END-- [ RunTime:0.000297s ]
INFO: [ app_begin ] --START--
INFO: Run Behavior\ReadHtmlCacheBehavior [ RunTime:0.000570s ]
INFO: [ app_begin ] --END-- [ RunTime:0.000607s ]
ERR: 无法加载控制器:User

[ 2019-05-21T16:07:32+08:00 ] ::1 /admin.php?c=user
INFO: [ app_init ] --START--
INFO: Run Behavior\BuildLiteBehavior [ RunTime:0.000012s ]
INFO: [ app_init ] --END-- [ RunTime:0.000292s ]
INFO: [ app_begin ] --START--
INFO: Run Behavior\ReadHtmlCacheBehavior [ RunTime:0.000567s ]
INFO: [ app_begin ] --END-- [ RunTime:0.000606s ]
ERR: 无法加载控制器:User

[ 2019-05-21T16:07:49+08:00 ] ::1 /admin.php?c=admin
INFO: [ app_init ] --START--
INFO: Run Behavior\BuildLiteBehavior [ RunTime:0.000032s ]
INFO: [ app_init ] --END-- [ RunTime:0.000363s ]
INFO: [ app_begin ] --START--
INFO: Run Behavior\ReadHtmlCacheBehavior [ RunTime:0.000581s ]
INFO: [ app_begin ] --END-- [ RunTime:0.000625s ]
SQL: SHOW COLUMNS FROM `cms_admin` [ RunTime:0.0251s ]
SQL: SELECT * FROM `cms_admin` WHERE `status` <> -1 ORDER BY admin_id desc  [ RunTime:0.0004s ]
INFO: [ view_parse ] --START--
INFO: [ template_filter ] --START--
INFO: Run Behavior\ContentReplaceBehavior [ RunTime:0.000041s ]
INFO: [ template_filter ] --END-- [ RunTime:0.000078s ]
NOTIC: [2048] Declaration of Common\Model\BasicModel::save() should be compatible with Think\Model::save($data = '', $options = Array) C:\phpStudy\PHPTutorial\WWW\tp3.2\Application\Common\Model\BasicModel.class.php 第 25 行.
NOTIC: [2048] Declaration of Common\Model\BasicModel::select() should be compatible with Think\Model::select($options = Array) C:\phpStudy\PHPTutorial\WWW\tp3.2\Application\Common\Model\BasicModel.class.php 第 25 行.
NOTIC: [2048] Declaration of Common\Model\MenuModel::find() should be compatible with Think\Model::find($options = Array) C:\phpStudy\PHPTutorial\WWW\tp3.2\Application\Common\Model\MenuModel.class.php 第 104 行.
SQL: SHOW COLUMNS FROM `cms_menu` [ RunTime:0.0151s ]
SQL: SELECT * FROM `cms_menu` WHERE `status` = 1 AND `type` = 1 ORDER BY listorder desc,menu_id desc  [ RunTime:0.0003s ]
NOTIC: [8] Undefined index: a C:\phpStudy\PHPTutorial\WWW\tp3.2\Application\Common\Common\function.php 第 35 行.
NOTIC: [8] Undefined index: a C:\phpStudy\PHPTutorial\WWW\tp3.2\Application\Common\Common\function.php 第 35 行.
NOTIC: [8] Undefined index: a C:\phpStudy\PHPTutorial\WWW\tp3.2\Application\Common\Common\function.php 第 35 行.
NOTIC: [8] Undefined index: a C:\phpStudy\PHPTutorial\WWW\tp3.2\Application\Common\Common\function.php 第 35 行.
NOTIC: [8] Undefined index: a C:\phpStudy\PHPTutorial\WWW\tp3.2\Application\Common\Common\function.php 第 35 行.
NOTIC: [8] Undefined index: a C:\phpStudy\PHPTutorial\WWW\tp3.2\Application\Common\Common\function.php 第 35 行.
NOTIC: [8] Undefined index: a C:\phpStudy\PHPTutorial\WWW\tp3.2\Application\Common\Common\function.php 第 35 行.
NOTIC: [8] Undefined variable: nav C:\phpStudy\PHPTutorial\WWW\tp3.2\Application\Runtime\Cache\Admin\b682812e058c4f7cab74d08ab9eabe11.php 第 106 行.
INFO: Run Behavior\ParseTemplateBehavior [ RunTime:0.029108s ]
INFO: [ view_parse ] --END-- [ RunTime:0.029141s ]
INFO: [ view_filter ] --START--
INFO: Run Behavior\WriteHtmlCacheBehavior [ RunTime:0.000558s ]
INFO: [ view_filter ] --END-- [ RunTime:0.000584s ]
INFO: [ app_end ] --START--
INFO: Run Behavior\ShowPageTraceBehavior [ RunTime:0.001603s ]
INFO: [ app_end ] --END-- [ RunTime:0.001648s ]

[ 2019-05-21T16:07:51+08:00 ] ::1 /admin.php?c=user
INFO: [ app_init ] --START--
INFO: Run Behavior\BuildLiteBehavior [ RunTime:0.000011s ]
INFO: [ app_init ] --END-- [ RunTime:0.000291s ]
INFO: [ app_begin ] --START--
INFO: Run Behavior\ReadHtmlCacheBehavior [ RunTime:0.000572s ]
INFO: [ app_begin ] --END-- [ RunTime:0.000610s ]
ERR: 无法加载控制器:User

