[ 2019-04-18T23:14:53+08:00 ] ::1 /tp3.2/admin.php
INFO: [ app_init ] --START--
INFO: Run Behavior\BuildLiteBehavior [ RunTime:0.000067s ]
INFO: [ app_init ] --END-- [ RunTime:0.004287s ]
INFO: [ app_begin ] --START--
INFO: Run Behavior\ReadHtmlCacheBehavior [ RunTime:0.001441s ]
INFO: [ app_begin ] --END-- [ RunTime:0.001561s ]
INFO: [ view_parse ] --START--
INFO: [ template_filter ] --START--
INFO: Run Behavior\ContentReplaceBehavior [ RunTime:0.000415s ]
INFO: [ template_filter ] --END-- [ RunTime:0.000456s ]
NOTIC: [2048] Declaration of Common\Model\MenuModel::find() should be compatible with Think\Model::find($options = Array) C:\phpStudy\PHPTutorial\WWW\tp3.2\Application\Common\Model\MenuModel.class.php 第 6 行.
SQL: SHOW COLUMNS FROM `cms_menu` [ RunTime:0.0090s ]
SQL: SELECT * FROM `cms_menu` WHERE `status` = 1 AND `type` = 1 ORDER BY listorder desc,menu_id desc  [ RunTime:0.0005s ]
NOTIC: [8] Undefined index: a C:\phpStudy\PHPTutorial\WWW\tp3.2\Application\Common\Common\function.php 第 35 行.
NOTIC: [8] Undefined index: a C:\phpStudy\PHPTutorial\WWW\tp3.2\Application\Common\Common\function.php 第 35 行.
NOTIC: [8] Undefined variable: news C:\phpStudy\PHPTutorial\WWW\tp3.2\Application\Runtime\Cache\Admin\b595b808c2ebeeeb0478ffc30bb4e87a.php 第 164 行.
INFO: Run Behavior\ParseTemplateBehavior [ RunTime:0.058401s ]
INFO: [ view_parse ] --END-- [ RunTime:0.058531s ]
INFO: [ view_filter ] --START--
INFO: Run Behavior\WriteHtmlCacheBehavior [ RunTime:0.002936s ]
INFO: [ view_filter ] --END-- [ RunTime:0.003156s ]
INFO: [ app_end ] --START--
INFO: Run Behavior\ShowPageTraceBehavior [ RunTime:0.003038s ]
INFO: [ app_end ] --END-- [ RunTime:0.003136s ]

[ 2019-04-18T23:14:59+08:00 ] ::1 /tp3.2/admin.php?c=content
INFO: [ app_init ] --START--
INFO: Run Behavior\BuildLiteBehavior [ RunTime:0.000074s ]
INFO: [ app_init ] --END-- [ RunTime:0.001735s ]
INFO: [ app_begin ] --START--
INFO: Run Behavior\ReadHtmlCacheBehavior [ RunTime:0.001003s ]
INFO: [ app_begin ] --END-- [ RunTime:0.001090s ]
INFO: [ view_parse ] --START--
INFO: [ template_filter ] --START--
INFO: Run Behavior\ContentReplaceBehavior [ RunTime:0.000045s ]
INFO: [ template_filter ] --END-- [ RunTime:0.000081s ]
NOTIC: [2048] Declaration of Common\Model\MenuModel::find() should be compatible with Think\Model::find($options = Array) C:\phpStudy\PHPTutorial\WWW\tp3.2\Application\Common\Model\MenuModel.class.php 第 6 行.
SQL: SHOW COLUMNS FROM `cms_menu` [ RunTime:0.0062s ]
SQL: SELECT * FROM `cms_menu` WHERE `status` = 1 AND `type` = 1 ORDER BY listorder desc,menu_id desc  [ RunTime:0.0003s ]
NOTIC: [8] Undefined index: a C:\phpStudy\PHPTutorial\WWW\tp3.2\Application\Common\Common\function.php 第 35 行.
NOTIC: [8] Undefined index: a C:\phpStudy\PHPTutorial\WWW\tp3.2\Application\Common\Common\function.php 第 35 行.
NOTIC: [8] Undefined variable: webSiteMenu C:\phpStudy\PHPTutorial\WWW\tp3.2\Application\Runtime\Cache\Admin\ccc9ced3ad798311a07cb47b740981c5.php 第 114 行.
NOTIC: [8] Undefined variable: news C:\phpStudy\PHPTutorial\WWW\tp3.2\Application\Runtime\Cache\Admin\ccc9ced3ad798311a07cb47b740981c5.php 第 151 行.
NOTIC: [8] Undefined variable: pageres C:\phpStudy\PHPTutorial\WWW\tp3.2\Application\Runtime\Cache\Admin\ccc9ced3ad798311a07cb47b740981c5.php 第 177 行.
NOTIC: [8] Undefined variable: positions C:\phpStudy\PHPTutorial\WWW\tp3.2\Application\Runtime\Cache\Admin\ccc9ced3ad798311a07cb47b740981c5.php 第 188 行.
INFO: Run Behavior\ParseTemplateBehavior [ RunTime:0.047618s ]
INFO: [ view_parse ] --END-- [ RunTime:0.047651s ]
INFO: [ view_filter ] --START--
INFO: Run Behavior\WriteHtmlCacheBehavior [ RunTime:0.000438s ]
INFO: [ view_filter ] --END-- [ RunTime:0.000465s ]
INFO: [ app_end ] --START--
INFO: Run Behavior\ShowPageTraceBehavior [ RunTime:0.000619s ]
INFO: [ app_end ] --END-- [ RunTime:0.000646s ]

[ 2019-04-18T23:15:00+08:00 ] ::1 /tp3.2/admin.php?c=menu
INFO: [ app_init ] --START--
INFO: Run Behavior\BuildLiteBehavior [ RunTime:0.000077s ]
INFO: [ app_init ] --END-- [ RunTime:0.001348s ]
INFO: [ app_begin ] --START--
INFO: Run Behavior\ReadHtmlCacheBehavior [ RunTime:0.000790s ]
INFO: [ app_begin ] --END-- [ RunTime:0.000886s ]
NOTIC: [8] Undefined index: p C:\phpStudy\PHPTutorial\WWW\tp3.2\Application\Admin\Controller\MenuController.class.php 第 43 行.
NOTIC: [8] Undefined index: pageSize C:\phpStudy\PHPTutorial\WWW\tp3.2\Application\Admin\Controller\MenuController.class.php 第 44 行.
NOTIC: [2048] Declaration of Common\Model\MenuModel::find() should be compatible with Think\Model::find($options = Array) C:\phpStudy\PHPTutorial\WWW\tp3.2\Application\Common\Model\MenuModel.class.php 第 6 行.
SQL: SHOW COLUMNS FROM `cms_menu` [ RunTime:0.0046s ]
SQL: SELECT * FROM `cms_menu` WHERE `status` <> -1 ORDER BY listorder desc,menu_id desc LIMIT 0,3   [ RunTime:0.0003s ]
SQL: SELECT COUNT(*) AS tp_count FROM `cms_menu` WHERE `status` <> -1 LIMIT 1   [ RunTime:0.0002s ]
INFO: [ view_parse ] --START--
INFO: [ template_filter ] --START--
INFO: Run Behavior\ContentReplaceBehavior [ RunTime:0.000043s ]
INFO: [ template_filter ] --END-- [ RunTime:0.000079s ]
SQL: SELECT * FROM `cms_menu` WHERE `status` = 1 AND `type` = 1 ORDER BY listorder desc,menu_id desc  [ RunTime:0.0003s ]
NOTIC: [8] Undefined index: a C:\phpStudy\PHPTutorial\WWW\tp3.2\Application\Common\Common\function.php 第 35 行.
NOTIC: [8] Undefined index: a C:\phpStudy\PHPTutorial\WWW\tp3.2\Application\Common\Common\function.php 第 35 行.
NOTIC: [8] Undefined variable: nav C:\phpStudy\PHPTutorial\WWW\tp3.2\Application\Runtime\Cache\Admin\b956215329b6f9aca22277599a4efdfc.php 第 101 行.
INFO: Run Behavior\ParseTemplateBehavior [ RunTime:0.014732s ]
INFO: [ view_parse ] --END-- [ RunTime:0.014801s ]
INFO: [ view_filter ] --START--
INFO: Run Behavior\WriteHtmlCacheBehavior [ RunTime:0.000420s ]
INFO: [ view_filter ] --END-- [ RunTime:0.000451s ]
INFO: [ app_end ] --START--
INFO: Run Behavior\ShowPageTraceBehavior [ RunTime:0.000707s ]
INFO: [ app_end ] --END-- [ RunTime:0.000741s ]

[ 2019-04-18T23:15:01+08:00 ] ::1 /tp3.2/admin.php
INFO: [ app_init ] --START--
INFO: Run Behavior\BuildLiteBehavior [ RunTime:0.000010s ]
INFO: [ app_init ] --END-- [ RunTime:0.000255s ]
INFO: [ app_begin ] --START--
INFO: Run Behavior\ReadHtmlCacheBehavior [ RunTime:0.000850s ]
INFO: [ app_begin ] --END-- [ RunTime:0.000925s ]
INFO: [ view_parse ] --START--
INFO: [ template_filter ] --START--
INFO: Run Behavior\ContentReplaceBehavior [ RunTime:0.000045s ]
INFO: [ template_filter ] --END-- [ RunTime:0.000099s ]
NOTIC: [2048] Declaration of Common\Model\MenuModel::find() should be compatible with Think\Model::find($options = Array) C:\phpStudy\PHPTutorial\WWW\tp3.2\Application\Common\Model\MenuModel.class.php 第 6 行.
SQL: SHOW COLUMNS FROM `cms_menu` [ RunTime:0.0065s ]
SQL: SELECT * FROM `cms_menu` WHERE `status` = 1 AND `type` = 1 ORDER BY listorder desc,menu_id desc  [ RunTime:0.0003s ]
NOTIC: [8] Undefined index: a C:\phpStudy\PHPTutorial\WWW\tp3.2\Application\Common\Common\function.php 第 35 行.
NOTIC: [8] Undefined index: a C:\phpStudy\PHPTutorial\WWW\tp3.2\Application\Common\Common\function.php 第 35 行.
NOTIC: [8] Undefined variable: news C:\phpStudy\PHPTutorial\WWW\tp3.2\Application\Runtime\Cache\Admin\b595b808c2ebeeeb0478ffc30bb4e87a.php 第 164 行.
INFO: Run Behavior\ParseTemplateBehavior [ RunTime:0.031919s ]
INFO: [ view_parse ] --END-- [ RunTime:0.031952s ]
INFO: [ view_filter ] --START--
INFO: Run Behavior\WriteHtmlCacheBehavior [ RunTime:0.000415s ]
INFO: [ view_filter ] --END-- [ RunTime:0.000442s ]
INFO: [ app_end ] --START--
INFO: Run Behavior\ShowPageTraceBehavior [ RunTime:0.000566s ]
INFO: [ app_end ] --END-- [ RunTime:0.000596s ]

[ 2019-04-18T23:15:02+08:00 ] ::1 /tp3.2/admin.php?c=content
INFO: [ app_init ] --START--
INFO: Run Behavior\BuildLiteBehavior [ RunTime:0.000011s ]
INFO: [ app_init ] --END-- [ RunTime:0.000272s ]
INFO: [ app_begin ] --START--
INFO: Run Behavior\ReadHtmlCacheBehavior [ RunTime:0.000536s ]
INFO: [ app_begin ] --END-- [ RunTime:0.000574s ]
INFO: [ view_parse ] --START--
INFO: [ template_filter ] --START--
INFO: Run Behavior\ContentReplaceBehavior [ RunTime:0.000076s ]
INFO: [ template_filter ] --END-- [ RunTime:0.000162s ]
NOTIC: [2048] Declaration of Common\Model\MenuModel::find() should be compatible with Think\Model::find($options = Array) C:\phpStudy\PHPTutorial\WWW\tp3.2\Application\Common\Model\MenuModel.class.php 第 6 行.
SQL: SHOW COLUMNS FROM `cms_menu` [ RunTime:0.0119s ]
SQL: SELECT * FROM `cms_menu` WHERE `status` = 1 AND `type` = 1 ORDER BY listorder desc,menu_id desc  [ RunTime:0.0004s ]
NOTIC: [8] Undefined index: a C:\phpStudy\PHPTutorial\WWW\tp3.2\Application\Common\Common\function.php 第 35 行.
NOTIC: [8] Undefined index: a C:\phpStudy\PHPTutorial\WWW\tp3.2\Application\Common\Common\function.php 第 35 行.
NOTIC: [8] Undefined variable: webSiteMenu C:\phpStudy\PHPTutorial\WWW\tp3.2\Application\Runtime\Cache\Admin\ccc9ced3ad798311a07cb47b740981c5.php 第 114 行.
NOTIC: [8] Undefined variable: news C:\phpStudy\PHPTutorial\WWW\tp3.2\Application\Runtime\Cache\Admin\ccc9ced3ad798311a07cb47b740981c5.php 第 151 行.
NOTIC: [8] Undefined variable: pageres C:\phpStudy\PHPTutorial\WWW\tp3.2\Application\Runtime\Cache\Admin\ccc9ced3ad798311a07cb47b740981c5.php 第 177 行.
NOTIC: [8] Undefined variable: positions C:\phpStudy\PHPTutorial\WWW\tp3.2\Application\Runtime\Cache\Admin\ccc9ced3ad798311a07cb47b740981c5.php 第 188 行.
INFO: Run Behavior\ParseTemplateBehavior [ RunTime:0.041333s ]
INFO: [ view_parse ] --END-- [ RunTime:0.041361s ]
INFO: [ view_filter ] --START--
INFO: Run Behavior\WriteHtmlCacheBehavior [ RunTime:0.000422s ]
INFO: [ view_filter ] --END-- [ RunTime:0.000449s ]
INFO: [ app_end ] --START--
INFO: Run Behavior\ShowPageTraceBehavior [ RunTime:0.003236s ]
INFO: [ app_end ] --END-- [ RunTime:0.003265s ]

[ 2019-04-18T23:15:03+08:00 ] ::1 /tp3.2/admin.php?c=menu
INFO: [ app_init ] --START--
INFO: Run Behavior\BuildLiteBehavior [ RunTime:0.000011s ]
INFO: [ app_init ] --END-- [ RunTime:0.000260s ]
INFO: [ app_begin ] --START--
INFO: Run Behavior\ReadHtmlCacheBehavior [ RunTime:0.001633s ]
INFO: [ app_begin ] --END-- [ RunTime:0.001927s ]
NOTIC: [8] Undefined index: p C:\phpStudy\PHPTutorial\WWW\tp3.2\Application\Admin\Controller\MenuController.class.php 第 43 行.
NOTIC: [8] Undefined index: pageSize C:\phpStudy\PHPTutorial\WWW\tp3.2\Application\Admin\Controller\MenuController.class.php 第 44 行.
NOTIC: [2048] Declaration of Common\Model\MenuModel::find() should be compatible with Think\Model::find($options = Array) C:\phpStudy\PHPTutorial\WWW\tp3.2\Application\Common\Model\MenuModel.class.php 第 6 行.
SQL: SHOW COLUMNS FROM `cms_menu` [ RunTime:0.0076s ]
SQL: SELECT * FROM `cms_menu` WHERE `status` <> -1 ORDER BY listorder desc,menu_id desc LIMIT 0,3   [ RunTime:0.0019s ]
SQL: SELECT COUNT(*) AS tp_count FROM `cms_menu` WHERE `status` <> -1 LIMIT 1   [ RunTime:0.0013s ]
INFO: [ view_parse ] --START--
INFO: [ template_filter ] --START--
INFO: Run Behavior\ContentReplaceBehavior [ RunTime:0.000101s ]
INFO: [ template_filter ] --END-- [ RunTime:0.000171s ]
SQL: SELECT * FROM `cms_menu` WHERE `status` = 1 AND `type` = 1 ORDER BY listorder desc,menu_id desc  [ RunTime:0.0007s ]
NOTIC: [8] Undefined index: a C:\phpStudy\PHPTutorial\WWW\tp3.2\Application\Common\Common\function.php 第 35 行.
NOTIC: [8] Undefined index: a C:\phpStudy\PHPTutorial\WWW\tp3.2\Application\Common\Common\function.php 第 35 行.
NOTIC: [8] Undefined variable: nav C:\phpStudy\PHPTutorial\WWW\tp3.2\Application\Runtime\Cache\Admin\b956215329b6f9aca22277599a4efdfc.php 第 101 行.
INFO: Run Behavior\ParseTemplateBehavior [ RunTime:0.012752s ]
INFO: [ view_parse ] --END-- [ RunTime:0.012796s ]
INFO: [ view_filter ] --START--
INFO: Run Behavior\WriteHtmlCacheBehavior [ RunTime:0.000468s ]
INFO: [ view_filter ] --END-- [ RunTime:0.000513s ]
INFO: [ app_end ] --START--
INFO: Run Behavior\ShowPageTraceBehavior [ RunTime:0.000722s ]
INFO: [ app_end ] --END-- [ RunTime:0.000813s ]

[ 2019-04-18T23:15:05+08:00 ] ::1 /tp3.2/admin.php
INFO: [ app_init ] --START--
INFO: Run Behavior\BuildLiteBehavior [ RunTime:0.000011s ]
INFO: [ app_init ] --END-- [ RunTime:0.000278s ]
INFO: [ app_begin ] --START--
INFO: Run Behavior\ReadHtmlCacheBehavior [ RunTime:0.000544s ]
INFO: [ app_begin ] --END-- [ RunTime:0.000587s ]
INFO: [ view_parse ] --START--
INFO: [ template_filter ] --START--
INFO: Run Behavior\ContentReplaceBehavior [ RunTime:0.000116s ]
INFO: [ template_filter ] --END-- [ RunTime:0.000166s ]
NOTIC: [2048] Declaration of Common\Model\MenuModel::find() should be compatible with Think\Model::find($options = Array) C:\phpStudy\PHPTutorial\WWW\tp3.2\Application\Common\Model\MenuModel.class.php 第 6 行.
SQL: SHOW COLUMNS FROM `cms_menu` [ RunTime:0.0084s ]
SQL: SELECT * FROM `cms_menu` WHERE `status` = 1 AND `type` = 1 ORDER BY listorder desc,menu_id desc  [ RunTime:0.0004s ]
NOTIC: [8] Undefined index: a C:\phpStudy\PHPTutorial\WWW\tp3.2\Application\Common\Common\function.php 第 35 行.
NOTIC: [8] Undefined index: a C:\phpStudy\PHPTutorial\WWW\tp3.2\Application\Common\Common\function.php 第 35 行.
NOTIC: [8] Undefined variable: news C:\phpStudy\PHPTutorial\WWW\tp3.2\Application\Runtime\Cache\Admin\b595b808c2ebeeeb0478ffc30bb4e87a.php 第 164 行.
INFO: Run Behavior\ParseTemplateBehavior [ RunTime:0.039158s ]
INFO: [ view_parse ] --END-- [ RunTime:0.039271s ]
INFO: [ view_filter ] --START--
INFO: Run Behavior\WriteHtmlCacheBehavior [ RunTime:0.009819s ]
INFO: [ view_filter ] --END-- [ RunTime:0.009912s ]
INFO: [ app_end ] --START--
INFO: Run Behavior\ShowPageTraceBehavior [ RunTime:0.000650s ]
INFO: [ app_end ] --END-- [ RunTime:0.000681s ]

[ 2019-04-18T23:15:05+08:00 ] ::1 /tp3.2/admin.php?c=content
INFO: [ app_init ] --START--
INFO: Run Behavior\BuildLiteBehavior [ RunTime:0.000011s ]
INFO: [ app_init ] --END-- [ RunTime:0.000262s ]
INFO: [ app_begin ] --START--
INFO: Run Behavior\ReadHtmlCacheBehavior [ RunTime:0.000514s ]
INFO: [ app_begin ] --END-- [ RunTime:0.000551s ]
INFO: [ view_parse ] --START--
INFO: [ template_filter ] --START--
INFO: Run Behavior\ContentReplaceBehavior [ RunTime:0.000079s ]
INFO: [ template_filter ] --END-- [ RunTime:0.000161s ]
NOTIC: [2048] Declaration of Common\Model\MenuModel::find() should be compatible with Think\Model::find($options = Array) C:\phpStudy\PHPTutorial\WWW\tp3.2\Application\Common\Model\MenuModel.class.php 第 6 行.
SQL: SHOW COLUMNS FROM `cms_menu` [ RunTime:0.0115s ]
SQL: SELECT * FROM `cms_menu` WHERE `status` = 1 AND `type` = 1 ORDER BY listorder desc,menu_id desc  [ RunTime:0.0003s ]
NOTIC: [8] Undefined index: a C:\phpStudy\PHPTutorial\WWW\tp3.2\Application\Common\Common\function.php 第 35 行.
NOTIC: [8] Undefined index: a C:\phpStudy\PHPTutorial\WWW\tp3.2\Application\Common\Common\function.php 第 35 行.
NOTIC: [8] Undefined variable: webSiteMenu C:\phpStudy\PHPTutorial\WWW\tp3.2\Application\Runtime\Cache\Admin\ccc9ced3ad798311a07cb47b740981c5.php 第 114 行.
NOTIC: [8] Undefined variable: news C:\phpStudy\PHPTutorial\WWW\tp3.2\Application\Runtime\Cache\Admin\ccc9ced3ad798311a07cb47b740981c5.php 第 151 行.
NOTIC: [8] Undefined variable: pageres C:\phpStudy\PHPTutorial\WWW\tp3.2\Application\Runtime\Cache\Admin\ccc9ced3ad798311a07cb47b740981c5.php 第 177 行.
NOTIC: [8] Undefined variable: positions C:\phpStudy\PHPTutorial\WWW\tp3.2\Application\Runtime\Cache\Admin\ccc9ced3ad798311a07cb47b740981c5.php 第 188 行.
INFO: Run Behavior\ParseTemplateBehavior [ RunTime:0.051091s ]
INFO: [ view_parse ] --END-- [ RunTime:0.051121s ]
INFO: [ view_filter ] --START--
INFO: Run Behavior\WriteHtmlCacheBehavior [ RunTime:0.000389s ]
INFO: [ view_filter ] --END-- [ RunTime:0.000414s ]
INFO: [ app_end ] --START--
INFO: Run Behavior\ShowPageTraceBehavior [ RunTime:0.000609s ]
INFO: [ app_end ] --END-- [ RunTime:0.000637s ]

[ 2019-04-18T23:15:06+08:00 ] ::1 /tp3.2/admin.php?c=menu
INFO: [ app_init ] --START--
INFO: Run Behavior\BuildLiteBehavior [ RunTime:0.000028s ]
INFO: [ app_init ] --END-- [ RunTime:0.000502s ]
INFO: [ app_begin ] --START--
INFO: Run Behavior\ReadHtmlCacheBehavior [ RunTime:0.001305s ]
INFO: [ app_begin ] --END-- [ RunTime:0.001406s ]
NOTIC: [8] Undefined index: p C:\phpStudy\PHPTutorial\WWW\tp3.2\Application\Admin\Controller\MenuController.class.php 第 43 行.
NOTIC: [8] Undefined index: pageSize C:\phpStudy\PHPTutorial\WWW\tp3.2\Application\Admin\Controller\MenuController.class.php 第 44 行.
NOTIC: [2048] Declaration of Common\Model\MenuModel::find() should be compatible with Think\Model::find($options = Array) C:\phpStudy\PHPTutorial\WWW\tp3.2\Application\Common\Model\MenuModel.class.php 第 6 行.
SQL: SHOW COLUMNS FROM `cms_menu` [ RunTime:0.0091s ]
SQL: SELECT * FROM `cms_menu` WHERE `status` <> -1 ORDER BY listorder desc,menu_id desc LIMIT 0,3   [ RunTime:0.0003s ]
SQL: SELECT COUNT(*) AS tp_count FROM `cms_menu` WHERE `status` <> -1 LIMIT 1   [ RunTime:0.0002s ]
INFO: [ view_parse ] --START--
INFO: [ template_filter ] --START--
INFO: Run Behavior\ContentReplaceBehavior [ RunTime:0.000098s ]
INFO: [ template_filter ] --END-- [ RunTime:0.000156s ]
SQL: SELECT * FROM `cms_menu` WHERE `status` = 1 AND `type` = 1 ORDER BY listorder desc,menu_id desc  [ RunTime:0.0003s ]
NOTIC: [8] Undefined index: a C:\phpStudy\PHPTutorial\WWW\tp3.2\Application\Common\Common\function.php 第 35 行.
NOTIC: [8] Undefined index: a C:\phpStudy\PHPTutorial\WWW\tp3.2\Application\Common\Common\function.php 第 35 行.
NOTIC: [8] Undefined variable: nav C:\phpStudy\PHPTutorial\WWW\tp3.2\Application\Runtime\Cache\Admin\b956215329b6f9aca22277599a4efdfc.php 第 101 行.
INFO: Run Behavior\ParseTemplateBehavior [ RunTime:0.013570s ]
INFO: [ view_parse ] --END-- [ RunTime:0.013600s ]
INFO: [ view_filter ] --START--
INFO: Run Behavior\WriteHtmlCacheBehavior [ RunTime:0.000356s ]
INFO: [ view_filter ] --END-- [ RunTime:0.000382s ]
INFO: [ app_end ] --START--
INFO: Run Behavior\ShowPageTraceBehavior [ RunTime:0.000638s ]
INFO: [ app_end ] --END-- [ RunTime:0.000669s ]

[ 2019-04-18T23:15:07+08:00 ] ::1 /tp3.2/admin.php?c=content
INFO: [ app_init ] --START--
INFO: Run Behavior\BuildLiteBehavior [ RunTime:0.000011s ]
INFO: [ app_init ] --END-- [ RunTime:0.000261s ]
INFO: [ app_begin ] --START--
INFO: Run Behavior\ReadHtmlCacheBehavior [ RunTime:0.000564s ]
INFO: [ app_begin ] --END-- [ RunTime:0.000600s ]
INFO: [ view_parse ] --START--
INFO: [ template_filter ] --START--
INFO: Run Behavior\ContentReplaceBehavior [ RunTime:0.000045s ]
INFO: [ template_filter ] --END-- [ RunTime:0.000081s ]
NOTIC: [2048] Declaration of Common\Model\MenuModel::find() should be compatible with Think\Model::find($options = Array) C:\phpStudy\PHPTutorial\WWW\tp3.2\Application\Common\Model\MenuModel.class.php 第 6 行.
SQL: SHOW COLUMNS FROM `cms_menu` [ RunTime:0.0074s ]
SQL: SELECT * FROM `cms_menu` WHERE `status` = 1 AND `type` = 1 ORDER BY listorder desc,menu_id desc  [ RunTime:0.0003s ]
NOTIC: [8] Undefined index: a C:\phpStudy\PHPTutorial\WWW\tp3.2\Application\Common\Common\function.php 第 35 行.
NOTIC: [8] Undefined index: a C:\phpStudy\PHPTutorial\WWW\tp3.2\Application\Common\Common\function.php 第 35 行.
NOTIC: [8] Undefined variable: webSiteMenu C:\phpStudy\PHPTutorial\WWW\tp3.2\Application\Runtime\Cache\Admin\ccc9ced3ad798311a07cb47b740981c5.php 第 114 行.
NOTIC: [8] Undefined variable: news C:\phpStudy\PHPTutorial\WWW\tp3.2\Application\Runtime\Cache\Admin\ccc9ced3ad798311a07cb47b740981c5.php 第 151 行.
NOTIC: [8] Undefined variable: pageres C:\phpStudy\PHPTutorial\WWW\tp3.2\Application\Runtime\Cache\Admin\ccc9ced3ad798311a07cb47b740981c5.php 第 177 行.
NOTIC: [8] Undefined variable: positions C:\phpStudy\PHPTutorial\WWW\tp3.2\Application\Runtime\Cache\Admin\ccc9ced3ad798311a07cb47b740981c5.php 第 188 行.
INFO: Run Behavior\ParseTemplateBehavior [ RunTime:0.034372s ]
INFO: [ view_parse ] --END-- [ RunTime:0.034400s ]
INFO: [ view_filter ] --START--
INFO: Run Behavior\WriteHtmlCacheBehavior [ RunTime:0.000506s ]
INFO: [ view_filter ] --END-- [ RunTime:0.000549s ]
INFO: [ app_end ] --START--
INFO: Run Behavior\ShowPageTraceBehavior [ RunTime:0.002929s ]
INFO: [ app_end ] --END-- [ RunTime:0.003071s ]

[ 2019-04-18T23:15:09+08:00 ] ::1 /tp3.2/admin.php?c=content&a=add
INFO: [ app_init ] --START--
INFO: Run Behavior\BuildLiteBehavior [ RunTime:0.000043s ]
INFO: [ app_init ] --END-- [ RunTime:0.000405s ]
INFO: [ app_begin ] --START--
INFO: Run Behavior\ReadHtmlCacheBehavior [ RunTime:0.000526s ]
INFO: [ app_begin ] --END-- [ RunTime:0.000563s ]
NOTIC: [2048] Declaration of Common\Model\MenuModel::find() should be compatible with Think\Model::find($options = Array) C:\phpStudy\PHPTutorial\WWW\tp3.2\Application\Common\Model\MenuModel.class.php 第 6 行.
SQL: SHOW COLUMNS FROM `cms_menu` [ RunTime:0.0083s ]
SQL: SELECT * FROM `cms_menu` WHERE `status` = 1 AND `type` = 0 ORDER BY listorder desc,menu_id desc  [ RunTime:0.0002s ]
INFO: [ view_parse ] --START--
INFO: [ template_filter ] --START--
INFO: Run Behavior\ContentReplaceBehavior [ RunTime:0.000063s ]
INFO: [ template_filter ] --END-- [ RunTime:0.000107s ]
SQL: SELECT * FROM `cms_menu` WHERE `status` = 1 AND `type` = 1 ORDER BY listorder desc,menu_id desc  [ RunTime:0.0003s ]
NOTIC: [8] Undefined index: a C:\phpStudy\PHPTutorial\WWW\tp3.2\Application\Common\Common\function.php 第 35 行.
NOTIC: [8] Undefined index: a C:\phpStudy\PHPTutorial\WWW\tp3.2\Application\Common\Common\function.php 第 35 行.
INFO: Run Behavior\ParseTemplateBehavior [ RunTime:0.011730s ]
INFO: [ view_parse ] --END-- [ RunTime:0.011772s ]
INFO: [ view_filter ] --START--
INFO: Run Behavior\WriteHtmlCacheBehavior [ RunTime:0.000341s ]
INFO: [ view_filter ] --END-- [ RunTime:0.000367s ]
INFO: [ app_end ] --START--
INFO: Run Behavior\ShowPageTraceBehavior [ RunTime:0.000598s ]
INFO: [ app_end ] --END-- [ RunTime:0.000628s ]

[ 2019-04-18T23:17:17+08:00 ] ::1 /tp3.2/admin.php
INFO: [ app_init ] --START--
INFO: Run Behavior\BuildLiteBehavior [ RunTime:0.000011s ]
INFO: [ app_init ] --END-- [ RunTime:0.000313s ]
INFO: [ app_begin ] --START--
INFO: Run Behavior\ReadHtmlCacheBehavior [ RunTime:0.002292s ]
INFO: [ app_begin ] --END-- [ RunTime:0.002554s ]
INFO: [ view_parse ] --START--
INFO: [ template_filter ] --START--
INFO: Run Behavior\ContentReplaceBehavior [ RunTime:0.000039s ]
INFO: [ template_filter ] --END-- [ RunTime:0.000074s ]
NOTIC: [2048] Declaration of Common\Model\MenuModel::find() should be compatible with Think\Model::find($options = Array) C:\phpStudy\PHPTutorial\WWW\tp3.2\Application\Common\Model\MenuModel.class.php 第 6 行.
SQL: SHOW COLUMNS FROM `cms_menu` [ RunTime:0.0070s ]
SQL: SELECT * FROM `cms_menu` WHERE `status` = 1 AND `type` = 1 ORDER BY listorder desc,menu_id desc  [ RunTime:0.0011s ]
NOTIC: [8] Undefined index: a C:\phpStudy\PHPTutorial\WWW\tp3.2\Application\Common\Common\function.php 第 35 行.
NOTIC: [8] Undefined index: a C:\phpStudy\PHPTutorial\WWW\tp3.2\Application\Common\Common\function.php 第 35 行.
NOTIC: [8] Undefined variable: news C:\phpStudy\PHPTutorial\WWW\tp3.2\Application\Runtime\Cache\Admin\b595b808c2ebeeeb0478ffc30bb4e87a.php 第 164 行.
INFO: Run Behavior\ParseTemplateBehavior [ RunTime:0.045322s ]
INFO: [ view_parse ] --END-- [ RunTime:0.045462s ]
INFO: [ view_filter ] --START--
INFO: Run Behavior\WriteHtmlCacheBehavior [ RunTime:0.002729s ]
INFO: [ view_filter ] --END-- [ RunTime:0.002837s ]
INFO: [ app_end ] --START--
INFO: Run Behavior\ShowPageTraceBehavior [ RunTime:0.001064s ]
INFO: [ app_end ] --END-- [ RunTime:0.001120s ]

[ 2019-04-18T23:17:18+08:00 ] ::1 /tp3.2/admin.php?c=menu
INFO: [ app_init ] --START--
INFO: Run Behavior\BuildLiteBehavior [ RunTime:0.000014s ]
INFO: [ app_init ] --END-- [ RunTime:0.000481s ]
INFO: [ app_begin ] --START--
INFO: Run Behavior\ReadHtmlCacheBehavior [ RunTime:0.000726s ]
INFO: [ app_begin ] --END-- [ RunTime:0.000774s ]
NOTIC: [8] Undefined index: p C:\phpStudy\PHPTutorial\WWW\tp3.2\Application\Admin\Controller\MenuController.class.php 第 43 行.
NOTIC: [8] Undefined index: pageSize C:\phpStudy\PHPTutorial\WWW\tp3.2\Application\Admin\Controller\MenuController.class.php 第 44 行.
NOTIC: [2048] Declaration of Common\Model\MenuModel::find() should be compatible with Think\Model::find($options = Array) C:\phpStudy\PHPTutorial\WWW\tp3.2\Application\Common\Model\MenuModel.class.php 第 6 行.
SQL: SHOW COLUMNS FROM `cms_menu` [ RunTime:0.0081s ]
SQL: SELECT * FROM `cms_menu` WHERE `status` <> -1 ORDER BY listorder desc,menu_id desc LIMIT 0,3   [ RunTime:0.0003s ]
SQL: SELECT COUNT(*) AS tp_count FROM `cms_menu` WHERE `status` <> -1 LIMIT 1   [ RunTime:0.0002s ]
INFO: [ view_parse ] --START--
INFO: [ template_filter ] --START--
INFO: Run Behavior\ContentReplaceBehavior [ RunTime:0.000044s ]
INFO: [ template_filter ] --END-- [ RunTime:0.000079s ]
SQL: SELECT * FROM `cms_menu` WHERE `status` = 1 AND `type` = 1 ORDER BY listorder desc,menu_id desc  [ RunTime:0.0003s ]
NOTIC: [8] Undefined index: a C:\phpStudy\PHPTutorial\WWW\tp3.2\Application\Common\Common\function.php 第 35 行.
NOTIC: [8] Undefined index: a C:\phpStudy\PHPTutorial\WWW\tp3.2\Application\Common\Common\function.php 第 35 行.
NOTIC: [8] Undefined variable: nav C:\phpStudy\PHPTutorial\WWW\tp3.2\Application\Runtime\Cache\Admin\b956215329b6f9aca22277599a4efdfc.php 第 101 行.
INFO: Run Behavior\ParseTemplateBehavior [ RunTime:0.010863s ]
INFO: [ view_parse ] --END-- [ RunTime:0.010906s ]
INFO: [ view_filter ] --START--
INFO: Run Behavior\WriteHtmlCacheBehavior [ RunTime:0.000368s ]
INFO: [ view_filter ] --END-- [ RunTime:0.000395s ]
INFO: [ app_end ] --START--
INFO: Run Behavior\ShowPageTraceBehavior [ RunTime:0.000628s ]
INFO: [ app_end ] --END-- [ RunTime:0.000679s ]

[ 2019-04-18T23:17:20+08:00 ] ::1 /tp3.2/admin.php?c=menu&a=add
INFO: [ app_init ] --START--
INFO: Run Behavior\BuildLiteBehavior [ RunTime:0.000011s ]
INFO: [ app_init ] --END-- [ RunTime:0.000283s ]
INFO: [ app_begin ] --START--
INFO: Run Behavior\ReadHtmlCacheBehavior [ RunTime:0.000523s ]
INFO: [ app_begin ] --END-- [ RunTime:0.000559s ]
INFO: [ view_parse ] --START--
INFO: [ template_filter ] --START--
INFO: Run Behavior\ContentReplaceBehavior [ RunTime:0.000042s ]
INFO: [ template_filter ] --END-- [ RunTime:0.000077s ]
NOTIC: [2048] Declaration of Common\Model\MenuModel::find() should be compatible with Think\Model::find($options = Array) C:\phpStudy\PHPTutorial\WWW\tp3.2\Application\Common\Model\MenuModel.class.php 第 6 行.
SQL: SHOW COLUMNS FROM `cms_menu` [ RunTime:0.0077s ]
SQL: SELECT * FROM `cms_menu` WHERE `status` = 1 AND `type` = 1 ORDER BY listorder desc,menu_id desc  [ RunTime:0.0002s ]
NOTIC: [8] Undefined index: a C:\phpStudy\PHPTutorial\WWW\tp3.2\Application\Common\Common\function.php 第 35 行.
NOTIC: [8] Undefined index: a C:\phpStudy\PHPTutorial\WWW\tp3.2\Application\Common\Common\function.php 第 35 行.
NOTIC: [8] Undefined variable: menus C:\phpStudy\PHPTutorial\WWW\tp3.2\Application\Runtime\Cache\Admin\31553d7bb41170a30982ff9dddd5d67e.php 第 123 行.
INFO: Run Behavior\ParseTemplateBehavior [ RunTime:0.029838s ]
INFO: [ view_parse ] --END-- [ RunTime:0.029869s ]
INFO: [ view_filter ] --START--
INFO: Run Behavior\WriteHtmlCacheBehavior [ RunTime:0.000535s ]
INFO: [ view_filter ] --END-- [ RunTime:0.000562s ]
INFO: [ app_end ] --START--
INFO: Run Behavior\ShowPageTraceBehavior [ RunTime:0.013216s ]
INFO: [ app_end ] --END-- [ RunTime:0.013449s ]

